[0.007s] Invoking command in '/home/rohit/pcl_ws/build/turtlebot3_gazebo': CMAKE_PREFIX_PATH=${CMAKE_PREFIX_PATH}:/opt/ros/humble /home/rohit/.local/bin/cmake --build /home/rohit/pcl_ws/build/turtlebot3_gazebo -- -j20 -l20
[0.030s] -- Found ament_cmake: 1.3.4 (/opt/ros/humble/share/ament_cmake/cmake)
[0.096s] [33mCMake Warning (dev) at /home/rohit/.local/lib/python3.10/site-packages/cmake/data/share/cmake-3.25/Modules/FindPackageHandleStandardArgs.cmake:438 (message):
[0.096s]   The package name passed to `find_package_handle_standard_args` (PkgConfig)
[0.096s]   does not match the name of the calling package (gazebo).  This can lead to
[0.096s]   problems in calling code that expects `find_package` result variables
[0.096s]   (e.g., `_FOUND`) to follow a certain pattern.
[0.096s] Call Stack (most recent call first):
[0.096s]   /home/rohit/.local/lib/python3.10/site-packages/cmake/data/share/cmake-3.25/Modules/FindPkgConfig.cmake:99 (find_package_handle_standard_args)
[0.096s]   /usr/lib/x86_64-linux-gnu/cmake/gazebo/gazebo-config.cmake:72 (include)
[0.096s]   CMakeLists.txt:23 (find_package)
[0.096s] This warning is for project developers.  Use -Wno-dev to suppress it.
[0.096s] [0m
[0.111s] -- Found DART: /usr/include (Required is at least version "6.6") found components: dart 
[0.130s] -- Found Protobuf: /usr/lib/x86_64-linux-gnu/libprotobuf.so (found version "3.12.4") 
[0.131s] -- Looking for ignition-math6 -- found version 6.12.0
[0.134s] -- Searching for dependencies of ignition-math6
[0.135s] -- Looking for OGRE...
[0.138s] -- Found Ogre Ghadamon (1.9.0)
[0.138s] -- Found OGRE: optimized;/usr/lib/x86_64-linux-gnu/libOgreMain.so;debug;/usr/lib/x86_64-linux-gnu/libOgreMain.so
[0.146s] -- Looking for OGRE_Paging...
[0.146s] -- Found OGRE_Paging: optimized;/usr/lib/x86_64-linux-gnu/libOgrePaging.so;debug;/usr/lib/x86_64-linux-gnu/libOgrePaging.so
[0.146s] -- Looking for OGRE_Terrain...
[0.146s] -- Found OGRE_Terrain: optimized;/usr/lib/x86_64-linux-gnu/libOgreTerrain.so;debug;/usr/lib/x86_64-linux-gnu/libOgreTerrain.so
[0.146s] -- Looking for OGRE_Property...
[0.146s] -- Found OGRE_Property: optimized;/usr/lib/x86_64-linux-gnu/libOgreProperty.so;debug;/usr/lib/x86_64-linux-gnu/libOgreProperty.so
[0.146s] -- Looking for OGRE_RTShaderSystem...
[0.146s] -- Found OGRE_RTShaderSystem: optimized;/usr/lib/x86_64-linux-gnu/libOgreRTShaderSystem.so;debug;/usr/lib/x86_64-linux-gnu/libOgreRTShaderSystem.so
[0.146s] -- Looking for OGRE_Volume...
[0.146s] -- Found OGRE_Volume: optimized;/usr/lib/x86_64-linux-gnu/libOgreVolume.so;debug;/usr/lib/x86_64-linux-gnu/libOgreVolume.so
[0.146s] -- Looking for OGRE_Overlay...
[0.146s] -- Found OGRE_Overlay: optimized;/usr/lib/x86_64-linux-gnu/libOgreOverlay.so;debug;/usr/lib/x86_64-linux-gnu/libOgreOverlay.so
[0.219s] -- Looking for ignition-math6 -- found version 6.12.0
[0.219s] -- Looking for ignition-transport8 -- found version 8.2.1
[0.220s] -- Searching for dependencies of ignition-transport8
[0.230s] -- Found Protobuf: /usr/lib/x86_64-linux-gnu/libprotobuf.so (found suitable version "3.12.4", minimum required is "3") 
[0.235s] -- Config-file not installed for ZeroMQ -- checking for pkg-config
[0.238s] -- Checking for module 'libzmq >= 4'
[0.244s] --   Found libzmq , version 4.3.4
[0.261s] -- Checking for module 'uuid'
[0.267s] --   Found uuid, version 2.37.2
[0.282s] -- Looking for ignition-msgs5 -- found version 5.8.1
[0.282s] -- Searching for dependencies of ignition-msgs5
[0.292s] -- Looking for ignition-math6 -- found version 6.12.0
[0.295s] -- Checking for module 'tinyxml2'
[0.300s] --   Found tinyxml2, version 9.0.0
[0.314s] -- Looking for ignition-msgs5 -- found version 5.8.1
[0.314s] -- Looking for ignition-common3 -- found version 3.14.0
[0.314s] -- Searching for dependencies of ignition-common3
[0.314s] -- Looking for dlfcn.h - found
[0.315s] -- Looking for libdl - found
[0.322s] -- Searching for <ignition-common3> component [graphics]
[0.322s] -- Looking for ignition-common3-graphics -- found version 3.14.0
[0.322s] -- Searching for dependencies of ignition-common3-graphics
[0.322s] -- Looking for ignition-math6 -- found version 6.12.0
[0.323s] -- Looking for ignition-fuel_tools4 -- found version 4.4.0
[0.323s] -- Searching for dependencies of ignition-fuel_tools4
[0.343s] -- Checking for module 'jsoncpp'
[0.349s] --   Found jsoncpp, version 1.9.5
[0.366s] -- Checking for module 'libzip'
[0.371s] --   Found libzip, version 1.7.3
[0.385s] -- Looking for ignition-common3 -- found version 3.14.0
[0.385s] -- Looking for ignition-math6 -- found version 6.12.0
[0.385s] -- Looking for ignition-msgs5 -- found version 5.8.1
[0.391s] -- Configuring incomplete, errors occurred!
[0.392s] See also "/home/rohit/pcl_ws/build/turtlebot3_gazebo/CMakeFiles/CMakeOutput.log".
[0.392s] [31mCMake Error at CMakeLists.txt:24 (find_package):
[0.392s]   By not providing "Findgazebo_ros_pkgs.cmake" in CMAKE_MODULE_PATH this
[0.392s]   project has asked CMake to find a package configuration file provided by
[0.392s]   "gazebo_ros_pkgs", but CMake did not find one.
[0.392s] 
[0.392s]   Could not find a package configuration file provided by "gazebo_ros_pkgs"
[0.392s]   with any of the following names:
[0.392s] 
[0.392s]     gazebo_ros_pkgsConfig.cmake
[0.392s]     gazebo_ros_pkgs-config.cmake
[0.392s] 
[0.392s]   Add the installation prefix of "gazebo_ros_pkgs" to CMAKE_PREFIX_PATH or
[0.392s]   set "gazebo_ros_pkgs_DIR" to a directory containing one of the above files.
[0.392s]   If "gazebo_ros_pkgs" provides a separate development package or SDK, be
[0.392s]   sure it has been installed.
[0.392s] 
[0.392s] [0m
[0.395s] gmake: *** [Makefile:390: cmake_check_build_system] Error 1
[0.399s] Invoked command in '/home/rohit/pcl_ws/build/turtlebot3_gazebo' returned '2': CMAKE_PREFIX_PATH=${CMAKE_PREFIX_PATH}:/opt/ros/humble /home/rohit/.local/bin/cmake --build /home/rohit/pcl_ws/build/turtlebot3_gazebo -- -j20 -l20
