[0.014s] Invoking command in '/home/rohit/pcl_ws/build/point_cloud_processing': CMAKE_PREFIX_PATH=${CMAKE_PREFIX_PATH}:/opt/ros/humble /home/rohit/.local/bin/cmake --build /home/rohit/pcl_ws/build/point_cloud_processing -- -j20 -l20
[0.048s] [ 16%] Built target plane_cloud
[0.049s] [ 33%] Built target pcd_import
[0.049s] [ 50%] Built target circular_cloud
[0.050s] [ 66%] Built target path_creation
[0.052s] [ 83%] Built target filtering_segmentation
[0.058s] [ 91%] [32mBuilding CXX object CMakeFiles/kitti_voxel.dir/src/5_kitti_data_voxel.cpp.o[0m
[6.328s] [100%] [32m[1mLinking CXX executable kitti_voxel[0m
[6.823s] [100%] Built target kitti_voxel
[6.838s] Invoked command in '/home/rohit/pcl_ws/build/point_cloud_processing' returned '0': CMAKE_PREFIX_PATH=${CMAKE_PREFIX_PATH}:/opt/ros/humble /home/rohit/.local/bin/cmake --build /home/rohit/pcl_ws/build/point_cloud_processing -- -j20 -l20
[6.873s] Invoking command in '/home/rohit/pcl_ws/build/point_cloud_processing': CMAKE_PREFIX_PATH=${CMAKE_PREFIX_PATH}:/opt/ros/humble /home/rohit/.local/bin/cmake --install /home/rohit/pcl_ws/build/point_cloud_processing
[6.887s] -- Install configuration: ""
[6.888s] -- Up-to-date: /home/rohit/pcl_ws/install/point_cloud_processing/lib/point_cloud_processing/pcd_import
[6.888s] -- Up-to-date: /home/rohit/pcl_ws/install/point_cloud_processing/lib/point_cloud_processing/plane_cloud
[6.888s] -- Up-to-date: /home/rohit/pcl_ws/install/point_cloud_processing/lib/point_cloud_processing/circular_cloud
[6.888s] -- Up-to-date: /home/rohit/pcl_ws/install/point_cloud_processing/lib/point_cloud_processing/filtering_segmentation
[6.888s] -- Up-to-date: /home/rohit/pcl_ws/install/point_cloud_processing/lib/point_cloud_processing/path_creation
[6.888s] -- Installing: /home/rohit/pcl_ws/install/point_cloud_processing/lib/point_cloud_processing/kitti_voxel
[6.890s] -- Set runtime path of "/home/rohit/pcl_ws/install/point_cloud_processing/lib/point_cloud_processing/kitti_voxel" to ""
[6.890s] -- Up-to-date: /home/rohit/pcl_ws/install/point_cloud_processing/share/point_cloud_processing/launch
[6.890s] -- Up-to-date: /home/rohit/pcl_ws/install/point_cloud_processing/share/point_cloud_processing/launch/rtab_mapping.launch.py
[6.890s] -- Up-to-date: /home/rohit/pcl_ws/install/point_cloud_processing/share/point_cloud_processing/launch/process_kitti.launch.py
[6.890s] -- Up-to-date: /home/rohit/pcl_ws/install/point_cloud_processing/share/point_cloud_processing/launch/bring_rviz.launch.py
[6.890s] -- Up-to-date: /home/rohit/pcl_ws/install/point_cloud_processing/share/point_cloud_processing/rviz
[6.890s] -- Installing: /home/rohit/pcl_ws/install/point_cloud_processing/share/point_cloud_processing/rviz/kitti_viz.rviz
[6.890s] -- Up-to-date: /home/rohit/pcl_ws/install/point_cloud_processing/share/ament_index/resource_index/package_run_dependencies/point_cloud_processing
[6.890s] -- Up-to-date: /home/rohit/pcl_ws/install/point_cloud_processing/share/ament_index/resource_index/parent_prefix_path/point_cloud_processing
[6.890s] -- Up-to-date: /home/rohit/pcl_ws/install/point_cloud_processing/share/point_cloud_processing/environment/ament_prefix_path.sh
[6.890s] -- Up-to-date: /home/rohit/pcl_ws/install/point_cloud_processing/share/point_cloud_processing/environment/ament_prefix_path.dsv
[6.890s] -- Up-to-date: /home/rohit/pcl_ws/install/point_cloud_processing/share/point_cloud_processing/environment/path.sh
[6.890s] -- Up-to-date: /home/rohit/pcl_ws/install/point_cloud_processing/share/point_cloud_processing/environment/path.dsv
[6.890s] -- Up-to-date: /home/rohit/pcl_ws/install/point_cloud_processing/share/point_cloud_processing/local_setup.bash
[6.890s] -- Up-to-date: /home/rohit/pcl_ws/install/point_cloud_processing/share/point_cloud_processing/local_setup.sh
[6.890s] -- Up-to-date: /home/rohit/pcl_ws/install/point_cloud_processing/share/point_cloud_processing/local_setup.zsh
[6.890s] -- Up-to-date: /home/rohit/pcl_ws/install/point_cloud_processing/share/point_cloud_processing/local_setup.dsv
[6.890s] -- Installing: /home/rohit/pcl_ws/install/point_cloud_processing/share/point_cloud_processing/package.dsv
[6.890s] -- Up-to-date: /home/rohit/pcl_ws/install/point_cloud_processing/share/ament_index/resource_index/packages/point_cloud_processing
[6.890s] -- Up-to-date: /home/rohit/pcl_ws/install/point_cloud_processing/share/point_cloud_processing/cmake/point_cloud_processingConfig.cmake
[6.891s] -- Up-to-date: /home/rohit/pcl_ws/install/point_cloud_processing/share/point_cloud_processing/cmake/point_cloud_processingConfig-version.cmake
[6.891s] -- Up-to-date: /home/rohit/pcl_ws/install/point_cloud_processing/share/point_cloud_processing/package.xml
[6.894s] Invoked command in '/home/rohit/pcl_ws/build/point_cloud_processing' returned '0': CMAKE_PREFIX_PATH=${CMAKE_PREFIX_PATH}:/opt/ros/humble /home/rohit/.local/bin/cmake --install /home/rohit/pcl_ws/build/point_cloud_processing
