[0.008s] Invoking command in '/home/rohit/pcl_ws/build/turtlebot3_gazebo': CMAKE_PREFIX_PATH=${CMAKE_PREFIX_PATH}:/opt/ros/humble /home/rohit/.local/bin/cmake --build /home/rohit/pcl_ws/build/turtlebot3_gazebo -- -j20 -l20
[0.030s] -- Found ament_cmake: 1.3.4 (/opt/ros/humble/share/ament_cmake/cmake)
[0.098s] [33mCMake Warning (dev) at /home/rohit/.local/lib/python3.10/site-packages/cmake/data/share/cmake-3.25/Modules/FindPackageHandleStandardArgs.cmake:438 (message):
[0.098s]   The package name passed to `find_package_handle_standard_args` (PkgConfig)
[0.098s]   does not match the name of the calling package (gazebo).  This can lead to
[0.098s]   problems in calling code that expects `find_package` result variables
[0.098s]   (e.g., `_FOUND`) to follow a certain pattern.
[0.098s] Call Stack (most recent call first):
[0.098s]   /home/rohit/.local/lib/python3.10/site-packages/cmake/data/share/cmake-3.25/Modules/FindPkgConfig.cmake:99 (find_package_handle_standard_args)
[0.098s]   /usr/lib/x86_64-linux-gnu/cmake/gazebo/gazebo-config.cmake:72 (include)
[0.098s]   CMakeLists.txt:23 (find_package)
[0.098s] This warning is for project developers.  Use -Wno-dev to suppress it.
[0.098s] [0m
[0.113s] -- Found DART: /usr/include (Required is at least version "6.6") found components: dart 
[0.132s] -- Found Protobuf: /usr/lib/x86_64-linux-gnu/libprotobuf.so (found version "3.12.4") 
[0.133s] -- Looking for ignition-math6 -- found version 6.12.0
[0.136s] -- Searching for dependencies of ignition-math6
[0.137s] -- Looking for OGRE...
[0.141s] -- Found Ogre Ghadamon (1.9.0)
[0.141s] -- Found OGRE: optimized;/usr/lib/x86_64-linux-gnu/libOgreMain.so;debug;/usr/lib/x86_64-linux-gnu/libOgreMain.so
[0.150s] -- Looking for OGRE_Paging...
[0.150s] -- Found OGRE_Paging: optimized;/usr/lib/x86_64-linux-gnu/libOgrePaging.so;debug;/usr/lib/x86_64-linux-gnu/libOgrePaging.so
[0.150s] -- Looking for OGRE_Terrain...
[0.150s] -- Found OGRE_Terrain: optimized;/usr/lib/x86_64-linux-gnu/libOgreTerrain.so;debug;/usr/lib/x86_64-linux-gnu/libOgreTerrain.so
[0.150s] -- Looking for OGRE_Property...
[0.150s] -- Found OGRE_Property: optimized;/usr/lib/x86_64-linux-gnu/libOgreProperty.so;debug;/usr/lib/x86_64-linux-gnu/libOgreProperty.so
[0.150s] -- Looking for OGRE_RTShaderSystem...
[0.150s] -- Found OGRE_RTShaderSystem: optimized;/usr/lib/x86_64-linux-gnu/libOgreRTShaderSystem.so;debug;/usr/lib/x86_64-linux-gnu/libOgreRTShaderSystem.so
[0.150s] -- Looking for OGRE_Volume...
[0.150s] -- Found OGRE_Volume: optimized;/usr/lib/x86_64-linux-gnu/libOgreVolume.so;debug;/usr/lib/x86_64-linux-gnu/libOgreVolume.so
[0.150s] -- Looking for OGRE_Overlay...
[0.150s] -- Found OGRE_Overlay: optimized;/usr/lib/x86_64-linux-gnu/libOgreOverlay.so;debug;/usr/lib/x86_64-linux-gnu/libOgreOverlay.so
[0.222s] -- Looking for ignition-math6 -- found version 6.12.0
[0.222s] -- Looking for ignition-transport8 -- found version 8.2.1
[0.222s] -- Searching for dependencies of ignition-transport8
[0.232s] -- Found Protobuf: /usr/lib/x86_64-linux-gnu/libprotobuf.so (found suitable version "3.12.4", minimum required is "3") 
[0.238s] -- Config-file not installed for ZeroMQ -- checking for pkg-config
[0.241s] -- Checking for module 'libzmq >= 4'
[0.246s] --   Found libzmq , version 4.3.4
[0.265s] -- Checking for module 'uuid'
[0.270s] --   Found uuid, version 2.37.2
[0.283s] -- Looking for ignition-msgs5 -- found version 5.8.1
[0.283s] -- Searching for dependencies of ignition-msgs5
[0.293s] -- Looking for ignition-math6 -- found version 6.12.0
[0.296s] -- Checking for module 'tinyxml2'
[0.302s] --   Found tinyxml2, version 9.0.0
[0.316s] -- Looking for ignition-msgs5 -- found version 5.8.1
[0.316s] -- Looking for ignition-common3 -- found version 3.14.0
[0.317s] -- Searching for dependencies of ignition-common3
[0.317s] -- Looking for dlfcn.h - found
[0.317s] -- Looking for libdl - found
[0.323s] -- Searching for <ignition-common3> component [graphics]
[0.324s] -- Looking for ignition-common3-graphics -- found version 3.14.0
[0.324s] -- Searching for dependencies of ignition-common3-graphics
[0.324s] -- Looking for ignition-math6 -- found version 6.12.0
[0.325s] -- Looking for ignition-fuel_tools4 -- found version 4.4.0
[0.325s] -- Searching for dependencies of ignition-fuel_tools4
[0.348s] -- Checking for module 'jsoncpp'
[0.353s] --   Found jsoncpp, version 1.9.5
[0.370s] -- Checking for module 'libzip'
[0.376s] --   Found libzip, version 1.7.3
[0.390s] -- Looking for ignition-common3 -- found version 3.14.0
[0.390s] -- Looking for ignition-math6 -- found version 6.12.0
[0.390s] -- Looking for ignition-msgs5 -- found version 5.8.1
[0.396s] [31mCMake Error at CMakeLists.txt:24 (find_package):
[0.396s]   By not providing "Findgazebo_ros_pkgs.cmake" in CMAKE_MODULE_PATH this
[0.396s]   project has asked CMake to find a package configuration file provided by
[0.396s]   "gazebo_ros_pkgs", but CMake did not find one.
[0.396s] 
[0.396s]   Could not find a package configuration file provided by "gazebo_ros_pkgs"
[0.396s]   with any of the following names:
[0.396s] 
[0.396s]     gazebo_ros_pkgsConfig.cmake
[0.397s]     gazebo_ros_pkgs-config.cmake
[0.397s] 
[0.397s]   Add the installation prefix of "gazebo_ros_pkgs" to CMAKE_PREFIX_PATH or
[0.397s]   set "gazebo_ros_pkgs_DIR" to a directory containing one of the above files.
[0.397s]   If "gazebo_ros_pkgs" provides a separate development package or SDK, be
[0.397s]   sure it has been installed.
[0.397s] 
[0.397s] [0m
[0.397s] -- Configuring incomplete, errors occurred!
[0.397s] See also "/home/rohit/pcl_ws/build/turtlebot3_gazebo/CMakeFiles/CMakeOutput.log".
[0.400s] gmake: *** [Makefile:390: cmake_check_build_system] Error 1
[0.403s] Invoked command in '/home/rohit/pcl_ws/build/turtlebot3_gazebo' returned '2': CMAKE_PREFIX_PATH=${CMAKE_PREFIX_PATH}:/opt/ros/humble /home/rohit/.local/bin/cmake --build /home/rohit/pcl_ws/build/turtlebot3_gazebo -- -j20 -l20
