[0.243s] DEBUG:colcon:Command line arguments: ['/usr/bin/colcon', 'build']
[0.244s] DEBUG:colcon:Parsed command line arguments: Namespace(log_base=None, log_level=None, verb_name='build', build_base='build', install_base='install', merge_install=False, symlink_install=False, test_result_base=None, continue_on_error=False, executor='parallel', parallel_workers=20, event_handlers=None, ignore_user_meta=False, metas=['./colcon.meta'], base_paths=['.'], packages_ignore=None, packages_ignore_regex=None, paths=None, packages_up_to=None, packages_up_to_regex=None, packages_above=None, packages_above_and_dependencies=None, packages_above_depth=None, packages_select_by_dep=None, packages_skip_by_dep=None, packages_skip_up_to=None, packages_select_build_failed=False, packages_skip_build_finished=False, packages_select_test_failures=False, packages_skip_test_passed=False, packages_select=None, packages_skip=None, packages_select_regex=None, packages_skip_regex=None, packages_start=None, packages_end=None, allow_overriding=[], cmake_args=None, cmake_target=None, cmake_target_skip_unavailable=False, cmake_clean_cache=False, cmake_clean_first=False, cmake_force_configure=False, ament_cmake_args=None, catkin_cmake_args=None, catkin_skip_building_tests=False, verb_parser=<colcon_defaults.argument_parser.defaults.DefaultArgumentsDecorator object at 0x7f3ec2978cd0>, verb_extension=<colcon_core.verb.build.BuildVerb object at 0x7f3ec2c577c0>, main=<bound method BuildVerb.main of <colcon_core.verb.build.BuildVerb object at 0x7f3ec2c577c0>>)
[0.260s] Level 1:colcon.colcon_core.package_discovery:discover_packages(colcon_meta) check parameters
[0.260s] Level 1:colcon.colcon_core.package_discovery:discover_packages(recursive) check parameters
[0.260s] Level 1:colcon.colcon_core.package_discovery:discover_packages(ignore) check parameters
[0.260s] Level 1:colcon.colcon_core.package_discovery:discover_packages(path) check parameters
[0.260s] Level 1:colcon.colcon_core.package_discovery:discover_packages(colcon_meta) discover
[0.260s] Level 1:colcon.colcon_core.package_discovery:discover_packages(recursive) discover
[0.260s] INFO:colcon.colcon_core.package_discovery:Crawling recursively for packages in '/home/rohit/pcl_ws'
[0.260s] Level 1:colcon.colcon_core.package_identification:_identify(.) by extensions ['ignore', 'ignore_ament_install']
[0.260s] Level 1:colcon.colcon_core.package_identification:_identify(.) by extension 'ignore'
[0.260s] Level 1:colcon.colcon_core.package_identification:_identify(.) by extension 'ignore_ament_install'
[0.260s] Level 1:colcon.colcon_core.package_identification:_identify(.) by extensions ['colcon_pkg']
[0.260s] Level 1:colcon.colcon_core.package_identification:_identify(.) by extension 'colcon_pkg'
[0.261s] Level 1:colcon.colcon_core.package_identification:_identify(.) by extensions ['colcon_meta']
[0.261s] Level 1:colcon.colcon_core.package_identification:_identify(.) by extension 'colcon_meta'
[0.261s] Level 1:colcon.colcon_core.package_identification:_identify(.) by extensions ['ros']
[0.261s] Level 1:colcon.colcon_core.package_identification:_identify(.) by extension 'ros'
[0.270s] Level 1:colcon.colcon_core.package_identification:_identify(.) by extensions ['cmake', 'python']
[0.270s] Level 1:colcon.colcon_core.package_identification:_identify(.) by extension 'cmake'
[0.270s] Level 1:colcon.colcon_core.package_identification:_identify(.) by extension 'python'
[0.270s] Level 1:colcon.colcon_core.package_identification:_identify(.) by extensions ['python_setup_py']
[0.270s] Level 1:colcon.colcon_core.package_identification:_identify(.) by extension 'python_setup_py'
[0.270s] Level 1:colcon.colcon_core.package_identification:_identify(build) by extensions ['ignore', 'ignore_ament_install']
[0.270s] Level 1:colcon.colcon_core.package_identification:_identify(build) by extension 'ignore'
[0.270s] Level 1:colcon.colcon_core.package_identification:_identify(build) ignored
[0.270s] Level 1:colcon.colcon_core.package_identification:_identify(install) by extensions ['ignore', 'ignore_ament_install']
[0.270s] Level 1:colcon.colcon_core.package_identification:_identify(install) by extension 'ignore'
[0.270s] Level 1:colcon.colcon_core.package_identification:_identify(install) ignored
[0.270s] Level 1:colcon.colcon_core.package_identification:_identify(log) by extensions ['ignore', 'ignore_ament_install']
[0.270s] Level 1:colcon.colcon_core.package_identification:_identify(log) by extension 'ignore'
[0.270s] Level 1:colcon.colcon_core.package_identification:_identify(log) ignored
[0.270s] Level 1:colcon.colcon_core.package_identification:_identify(src) by extensions ['ignore', 'ignore_ament_install']
[0.270s] Level 1:colcon.colcon_core.package_identification:_identify(src) by extension 'ignore'
[0.270s] Level 1:colcon.colcon_core.package_identification:_identify(src) by extension 'ignore_ament_install'
[0.270s] Level 1:colcon.colcon_core.package_identification:_identify(src) by extensions ['colcon_pkg']
[0.270s] Level 1:colcon.colcon_core.package_identification:_identify(src) by extension 'colcon_pkg'
[0.271s] Level 1:colcon.colcon_core.package_identification:_identify(src) by extensions ['colcon_meta']
[0.271s] Level 1:colcon.colcon_core.package_identification:_identify(src) by extension 'colcon_meta'
[0.271s] Level 1:colcon.colcon_core.package_identification:_identify(src) by extensions ['ros']
[0.271s] Level 1:colcon.colcon_core.package_identification:_identify(src) by extension 'ros'
[0.271s] Level 1:colcon.colcon_core.package_identification:_identify(src) by extensions ['cmake', 'python']
[0.271s] Level 1:colcon.colcon_core.package_identification:_identify(src) by extension 'cmake'
[0.271s] Level 1:colcon.colcon_core.package_identification:_identify(src) by extension 'python'
[0.271s] Level 1:colcon.colcon_core.package_identification:_identify(src) by extensions ['python_setup_py']
[0.271s] Level 1:colcon.colcon_core.package_identification:_identify(src) by extension 'python_setup_py'
[0.271s] Level 1:colcon.colcon_core.package_identification:_identify(src/ROS2-Point-Cloud-Clustering-and-Segmentation-for-Autonomous-Behaviour) by extensions ['ignore', 'ignore_ament_install']
[0.271s] Level 1:colcon.colcon_core.package_identification:_identify(src/ROS2-Point-Cloud-Clustering-and-Segmentation-for-Autonomous-Behaviour) by extension 'ignore'
[0.271s] Level 1:colcon.colcon_core.package_identification:_identify(src/ROS2-Point-Cloud-Clustering-and-Segmentation-for-Autonomous-Behaviour) by extension 'ignore_ament_install'
[0.271s] Level 1:colcon.colcon_core.package_identification:_identify(src/ROS2-Point-Cloud-Clustering-and-Segmentation-for-Autonomous-Behaviour) by extensions ['colcon_pkg']
[0.271s] Level 1:colcon.colcon_core.package_identification:_identify(src/ROS2-Point-Cloud-Clustering-and-Segmentation-for-Autonomous-Behaviour) by extension 'colcon_pkg'
[0.271s] Level 1:colcon.colcon_core.package_identification:_identify(src/ROS2-Point-Cloud-Clustering-and-Segmentation-for-Autonomous-Behaviour) by extensions ['colcon_meta']
[0.271s] Level 1:colcon.colcon_core.package_identification:_identify(src/ROS2-Point-Cloud-Clustering-and-Segmentation-for-Autonomous-Behaviour) by extension 'colcon_meta'
[0.271s] Level 1:colcon.colcon_core.package_identification:_identify(src/ROS2-Point-Cloud-Clustering-and-Segmentation-for-Autonomous-Behaviour) by extensions ['ros']
[0.271s] Level 1:colcon.colcon_core.package_identification:_identify(src/ROS2-Point-Cloud-Clustering-and-Segmentation-for-Autonomous-Behaviour) by extension 'ros'
[0.271s] Level 1:colcon.colcon_core.package_identification:_identify(src/ROS2-Point-Cloud-Clustering-and-Segmentation-for-Autonomous-Behaviour) by extensions ['cmake', 'python']
[0.271s] Level 1:colcon.colcon_core.package_identification:_identify(src/ROS2-Point-Cloud-Clustering-and-Segmentation-for-Autonomous-Behaviour) by extension 'cmake'
[0.271s] Level 1:colcon.colcon_core.package_identification:_identify(src/ROS2-Point-Cloud-Clustering-and-Segmentation-for-Autonomous-Behaviour) by extension 'python'
[0.271s] Level 1:colcon.colcon_core.package_identification:_identify(src/ROS2-Point-Cloud-Clustering-and-Segmentation-for-Autonomous-Behaviour) by extensions ['python_setup_py']
[0.271s] Level 1:colcon.colcon_core.package_identification:_identify(src/ROS2-Point-Cloud-Clustering-and-Segmentation-for-Autonomous-Behaviour) by extension 'python_setup_py'
[0.271s] Level 1:colcon.colcon_core.package_identification:_identify(src/ROS2-Point-Cloud-Clustering-and-Segmentation-for-Autonomous-Behaviour/point_cloud_processing) by extensions ['ignore', 'ignore_ament_install']
[0.271s] Level 1:colcon.colcon_core.package_identification:_identify(src/ROS2-Point-Cloud-Clustering-and-Segmentation-for-Autonomous-Behaviour/point_cloud_processing) by extension 'ignore'
[0.271s] Level 1:colcon.colcon_core.package_identification:_identify(src/ROS2-Point-Cloud-Clustering-and-Segmentation-for-Autonomous-Behaviour/point_cloud_processing) by extension 'ignore_ament_install'
[0.271s] Level 1:colcon.colcon_core.package_identification:_identify(src/ROS2-Point-Cloud-Clustering-and-Segmentation-for-Autonomous-Behaviour/point_cloud_processing) by extensions ['colcon_pkg']
[0.271s] Level 1:colcon.colcon_core.package_identification:_identify(src/ROS2-Point-Cloud-Clustering-and-Segmentation-for-Autonomous-Behaviour/point_cloud_processing) by extension 'colcon_pkg'
[0.271s] Level 1:colcon.colcon_core.package_identification:_identify(src/ROS2-Point-Cloud-Clustering-and-Segmentation-for-Autonomous-Behaviour/point_cloud_processing) by extensions ['colcon_meta']
[0.271s] Level 1:colcon.colcon_core.package_identification:_identify(src/ROS2-Point-Cloud-Clustering-and-Segmentation-for-Autonomous-Behaviour/point_cloud_processing) by extension 'colcon_meta'
[0.271s] Level 1:colcon.colcon_core.package_identification:_identify(src/ROS2-Point-Cloud-Clustering-and-Segmentation-for-Autonomous-Behaviour/point_cloud_processing) by extensions ['ros']
[0.271s] Level 1:colcon.colcon_core.package_identification:_identify(src/ROS2-Point-Cloud-Clustering-and-Segmentation-for-Autonomous-Behaviour/point_cloud_processing) by extension 'ros'
[0.273s] DEBUG:colcon.colcon_core.package_identification:Package 'src/ROS2-Point-Cloud-Clustering-and-Segmentation-for-Autonomous-Behaviour/point_cloud_processing' with type 'ros.ament_cmake' and name 'point_cloud_processing'
[0.273s] Level 1:colcon.colcon_core.package_identification:_identify(src/ROS2-Point-Cloud-Clustering-and-Segmentation-for-Autonomous-Behaviour/turtlebot3_gazebo) by extensions ['ignore', 'ignore_ament_install']
[0.273s] Level 1:colcon.colcon_core.package_identification:_identify(src/ROS2-Point-Cloud-Clustering-and-Segmentation-for-Autonomous-Behaviour/turtlebot3_gazebo) by extension 'ignore'
[0.273s] Level 1:colcon.colcon_core.package_identification:_identify(src/ROS2-Point-Cloud-Clustering-and-Segmentation-for-Autonomous-Behaviour/turtlebot3_gazebo) by extension 'ignore_ament_install'
[0.273s] Level 1:colcon.colcon_core.package_identification:_identify(src/ROS2-Point-Cloud-Clustering-and-Segmentation-for-Autonomous-Behaviour/turtlebot3_gazebo) by extensions ['colcon_pkg']
[0.273s] Level 1:colcon.colcon_core.package_identification:_identify(src/ROS2-Point-Cloud-Clustering-and-Segmentation-for-Autonomous-Behaviour/turtlebot3_gazebo) by extension 'colcon_pkg'
[0.273s] Level 1:colcon.colcon_core.package_identification:_identify(src/ROS2-Point-Cloud-Clustering-and-Segmentation-for-Autonomous-Behaviour/turtlebot3_gazebo) by extensions ['colcon_meta']
[0.273s] Level 1:colcon.colcon_core.package_identification:_identify(src/ROS2-Point-Cloud-Clustering-and-Segmentation-for-Autonomous-Behaviour/turtlebot3_gazebo) by extension 'colcon_meta'
[0.273s] Level 1:colcon.colcon_core.package_identification:_identify(src/ROS2-Point-Cloud-Clustering-and-Segmentation-for-Autonomous-Behaviour/turtlebot3_gazebo) by extensions ['ros']
[0.273s] Level 1:colcon.colcon_core.package_identification:_identify(src/ROS2-Point-Cloud-Clustering-and-Segmentation-for-Autonomous-Behaviour/turtlebot3_gazebo) by extension 'ros'
[0.274s] DEBUG:colcon.colcon_core.package_identification:Package 'src/ROS2-Point-Cloud-Clustering-and-Segmentation-for-Autonomous-Behaviour/turtlebot3_gazebo' with type 'ros.ament_cmake' and name 'turtlebot3_gazebo'
[0.274s] Level 1:colcon.colcon_core.package_discovery:discover_packages(recursive) using defaults
[0.274s] Level 1:colcon.colcon_core.package_discovery:discover_packages(ignore) discover
[0.274s] Level 1:colcon.colcon_core.package_discovery:discover_packages(ignore) using defaults
[0.274s] Level 1:colcon.colcon_core.package_discovery:discover_packages(path) discover
[0.274s] Level 1:colcon.colcon_core.package_discovery:discover_packages(path) using defaults
[0.292s] Level 1:colcon.colcon_core.package_discovery:discover_packages(prefix_path) check parameters
[0.292s] Level 1:colcon.colcon_core.package_discovery:discover_packages(prefix_path) discover
[0.294s] DEBUG:colcon.colcon_installed_package_information.package_discovery:Found 2 installed packages in /home/rohit/pcl_ws/install
[0.294s] DEBUG:colcon.colcon_installed_package_information.package_discovery:Found 0 installed packages in /home/rohit/ros2_ws/install
[0.295s] DEBUG:colcon.colcon_installed_package_information.package_discovery:Found 358 installed packages in /opt/ros/humble
[0.297s] Level 1:colcon.colcon_core.package_discovery:discover_packages(prefix_path) using defaults
[0.342s] Level 5:colcon.colcon_core.verb:set package 'point_cloud_processing' build argument 'cmake_args' from command line to 'None'
[0.342s] Level 5:colcon.colcon_core.verb:set package 'point_cloud_processing' build argument 'cmake_target' from command line to 'None'
[0.342s] Level 5:colcon.colcon_core.verb:set package 'point_cloud_processing' build argument 'cmake_target_skip_unavailable' from command line to 'False'
[0.342s] Level 5:colcon.colcon_core.verb:set package 'point_cloud_processing' build argument 'cmake_clean_cache' from command line to 'False'
[0.342s] Level 5:colcon.colcon_core.verb:set package 'point_cloud_processing' build argument 'cmake_clean_first' from command line to 'False'
[0.342s] Level 5:colcon.colcon_core.verb:set package 'point_cloud_processing' build argument 'cmake_force_configure' from command line to 'False'
[0.342s] Level 5:colcon.colcon_core.verb:set package 'point_cloud_processing' build argument 'ament_cmake_args' from command line to 'None'
[0.342s] Level 5:colcon.colcon_core.verb:set package 'point_cloud_processing' build argument 'catkin_cmake_args' from command line to 'None'
[0.342s] Level 5:colcon.colcon_core.verb:set package 'point_cloud_processing' build argument 'catkin_skip_building_tests' from command line to 'False'
[0.342s] DEBUG:colcon.colcon_core.verb:Building package 'point_cloud_processing' with the following arguments: {'ament_cmake_args': None, 'build_base': '/home/rohit/pcl_ws/build/point_cloud_processing', 'catkin_cmake_args': None, 'catkin_skip_building_tests': False, 'cmake_args': None, 'cmake_clean_cache': False, 'cmake_clean_first': False, 'cmake_force_configure': False, 'cmake_target': None, 'cmake_target_skip_unavailable': False, 'install_base': '/home/rohit/pcl_ws/install/point_cloud_processing', 'merge_install': False, 'path': '/home/rohit/pcl_ws/src/ROS2-Point-Cloud-Clustering-and-Segmentation-for-Autonomous-Behaviour/point_cloud_processing', 'symlink_install': False, 'test_result_base': None}
[0.343s] Level 5:colcon.colcon_core.verb:set package 'turtlebot3_gazebo' build argument 'cmake_args' from command line to 'None'
[0.343s] Level 5:colcon.colcon_core.verb:set package 'turtlebot3_gazebo' build argument 'cmake_target' from command line to 'None'
[0.343s] Level 5:colcon.colcon_core.verb:set package 'turtlebot3_gazebo' build argument 'cmake_target_skip_unavailable' from command line to 'False'
[0.343s] Level 5:colcon.colcon_core.verb:set package 'turtlebot3_gazebo' build argument 'cmake_clean_cache' from command line to 'False'
[0.343s] Level 5:colcon.colcon_core.verb:set package 'turtlebot3_gazebo' build argument 'cmake_clean_first' from command line to 'False'
[0.343s] Level 5:colcon.colcon_core.verb:set package 'turtlebot3_gazebo' build argument 'cmake_force_configure' from command line to 'False'
[0.343s] Level 5:colcon.colcon_core.verb:set package 'turtlebot3_gazebo' build argument 'ament_cmake_args' from command line to 'None'
[0.343s] Level 5:colcon.colcon_core.verb:set package 'turtlebot3_gazebo' build argument 'catkin_cmake_args' from command line to 'None'
[0.343s] Level 5:colcon.colcon_core.verb:set package 'turtlebot3_gazebo' build argument 'catkin_skip_building_tests' from command line to 'False'
[0.343s] DEBUG:colcon.colcon_core.verb:Building package 'turtlebot3_gazebo' with the following arguments: {'ament_cmake_args': None, 'build_base': '/home/rohit/pcl_ws/build/turtlebot3_gazebo', 'catkin_cmake_args': None, 'catkin_skip_building_tests': False, 'cmake_args': None, 'cmake_clean_cache': False, 'cmake_clean_first': False, 'cmake_force_configure': False, 'cmake_target': None, 'cmake_target_skip_unavailable': False, 'install_base': '/home/rohit/pcl_ws/install/turtlebot3_gazebo', 'merge_install': False, 'path': '/home/rohit/pcl_ws/src/ROS2-Point-Cloud-Clustering-and-Segmentation-for-Autonomous-Behaviour/turtlebot3_gazebo', 'symlink_install': False, 'test_result_base': None}
[0.343s] INFO:colcon.colcon_core.executor:Executing jobs using 'parallel' executor
[0.346s] DEBUG:colcon.colcon_parallel_executor.executor.parallel:run_until_complete
[0.346s] INFO:colcon.colcon_ros.task.ament_cmake.build:Building ROS package in '/home/rohit/pcl_ws/src/ROS2-Point-Cloud-Clustering-and-Segmentation-for-Autonomous-Behaviour/point_cloud_processing' with build type 'ament_cmake'
[0.346s] INFO:colcon.colcon_cmake.task.cmake.build:Building CMake package in '/home/rohit/pcl_ws/src/ROS2-Point-Cloud-Clustering-and-Segmentation-for-Autonomous-Behaviour/point_cloud_processing'
[0.349s] INFO:colcon.colcon_core.plugin_system:Skipping extension 'colcon_core.shell.bat': Not used on non-Windows systems
[0.349s] INFO:colcon.colcon_core.shell:Skip shell extension 'powershell' for command environment: Not usable outside of PowerShell
[0.349s] DEBUG:colcon.colcon_core.shell:Skip shell extension 'dsv' for command environment
[0.353s] INFO:colcon.colcon_ros.task.ament_cmake.build:Building ROS package in '/home/rohit/pcl_ws/src/ROS2-Point-Cloud-Clustering-and-Segmentation-for-Autonomous-Behaviour/turtlebot3_gazebo' with build type 'ament_cmake'
[0.353s] INFO:colcon.colcon_cmake.task.cmake.build:Building CMake package in '/home/rohit/pcl_ws/src/ROS2-Point-Cloud-Clustering-and-Segmentation-for-Autonomous-Behaviour/turtlebot3_gazebo'
[0.354s] INFO:colcon.colcon_core.shell:Skip shell extension 'powershell' for command environment: Not usable outside of PowerShell
[0.355s] DEBUG:colcon.colcon_core.shell:Skip shell extension 'dsv' for command environment
[0.364s] DEBUG:colcon.colcon_core.event_handler.log_command:Invoking command in '/home/rohit/pcl_ws/build/point_cloud_processing': CMAKE_PREFIX_PATH=${CMAKE_PREFIX_PATH}:/opt/ros/humble /home/rohit/.local/bin/cmake --build /home/rohit/pcl_ws/build/point_cloud_processing -- -j20 -l20
[0.366s] DEBUG:colcon.colcon_core.event_handler.log_command:Invoking command in '/home/rohit/pcl_ws/build/turtlebot3_gazebo': CMAKE_PREFIX_PATH=${CMAKE_PREFIX_PATH}:/opt/ros/humble /home/rohit/.local/bin/cmake --build /home/rohit/pcl_ws/build/turtlebot3_gazebo -- -j20 -l20
[0.416s] DEBUG:colcon.colcon_core.event_handler.log_command:Invoked command in '/home/rohit/pcl_ws/build/point_cloud_processing' returned '0': CMAKE_PREFIX_PATH=${CMAKE_PREFIX_PATH}:/opt/ros/humble /home/rohit/.local/bin/cmake --build /home/rohit/pcl_ws/build/point_cloud_processing -- -j20 -l20
[0.429s] DEBUG:colcon.colcon_core.event_handler.log_command:Invoked command in '/home/rohit/pcl_ws/build/turtlebot3_gazebo' returned '0': CMAKE_PREFIX_PATH=${CMAKE_PREFIX_PATH}:/opt/ros/humble /home/rohit/.local/bin/cmake --build /home/rohit/pcl_ws/build/turtlebot3_gazebo -- -j20 -l20
[0.489s] DEBUG:colcon.colcon_core.event_handler.log_command:Invoking command in '/home/rohit/pcl_ws/build/point_cloud_processing': CMAKE_PREFIX_PATH=${CMAKE_PREFIX_PATH}:/opt/ros/humble /home/rohit/.local/bin/cmake --install /home/rohit/pcl_ws/build/point_cloud_processing
[0.492s] DEBUG:colcon.colcon_core.event_handler.log_command:Invoking command in '/home/rohit/pcl_ws/build/turtlebot3_gazebo': CMAKE_PREFIX_PATH=${CMAKE_PREFIX_PATH}:/opt/ros/humble /home/rohit/.local/bin/cmake --install /home/rohit/pcl_ws/build/turtlebot3_gazebo
[0.517s] Level 1:colcon.colcon_core.environment:create_environment_scripts_only(point_cloud_processing)
[0.524s] Level 1:colcon.colcon_core.environment:checking '/home/rohit/pcl_ws/install/point_cloud_processing' for CMake module files
[0.525s] DEBUG:colcon.colcon_core.event_handler.log_command:Invoked command in '/home/rohit/pcl_ws/build/point_cloud_processing' returned '0': CMAKE_PREFIX_PATH=${CMAKE_PREFIX_PATH}:/opt/ros/humble /home/rohit/.local/bin/cmake --install /home/rohit/pcl_ws/build/point_cloud_processing
[0.525s] Level 1:colcon.colcon_core.environment:checking '/home/rohit/pcl_ws/install/point_cloud_processing' for CMake config files
[0.526s] Level 1:colcon.colcon_core.shell:create_environment_hook('point_cloud_processing', 'cmake_prefix_path')
[0.527s] INFO:colcon.colcon_core.shell:Creating environment hook '/home/rohit/pcl_ws/install/point_cloud_processing/share/point_cloud_processing/hook/cmake_prefix_path.ps1'
[0.527s] INFO:colcon.colcon_core.shell:Creating environment descriptor '/home/rohit/pcl_ws/install/point_cloud_processing/share/point_cloud_processing/hook/cmake_prefix_path.dsv'
[0.528s] INFO:colcon.colcon_core.shell:Creating environment hook '/home/rohit/pcl_ws/install/point_cloud_processing/share/point_cloud_processing/hook/cmake_prefix_path.sh'
[0.528s] Level 1:colcon.colcon_core.environment:checking '/home/rohit/pcl_ws/install/point_cloud_processing/lib'
[0.529s] Level 1:colcon.colcon_core.environment:checking '/home/rohit/pcl_ws/install/point_cloud_processing/bin'
[0.529s] Level 1:colcon.colcon_core.environment:checking '/home/rohit/pcl_ws/install/point_cloud_processing/lib/pkgconfig/point_cloud_processing.pc'
[0.529s] Level 1:colcon.colcon_core.environment:checking '/home/rohit/pcl_ws/install/point_cloud_processing/lib/python3.10/site-packages'
[0.529s] Level 1:colcon.colcon_core.environment:checking '/home/rohit/pcl_ws/install/point_cloud_processing/bin'
[0.530s] INFO:colcon.colcon_core.shell:Creating package script '/home/rohit/pcl_ws/install/point_cloud_processing/share/point_cloud_processing/package.ps1'
[0.531s] INFO:colcon.colcon_core.shell:Creating package descriptor '/home/rohit/pcl_ws/install/point_cloud_processing/share/point_cloud_processing/package.dsv'
[0.531s] INFO:colcon.colcon_core.shell:Creating package script '/home/rohit/pcl_ws/install/point_cloud_processing/share/point_cloud_processing/package.sh'
[0.532s] INFO:colcon.colcon_core.shell:Creating package script '/home/rohit/pcl_ws/install/point_cloud_processing/share/point_cloud_processing/package.bash'
[0.532s] INFO:colcon.colcon_core.shell:Creating package script '/home/rohit/pcl_ws/install/point_cloud_processing/share/point_cloud_processing/package.zsh'
[0.533s] Level 1:colcon.colcon_core.environment:create_file_with_runtime_dependencies(/home/rohit/pcl_ws/install/point_cloud_processing/share/colcon-core/packages/point_cloud_processing)
[0.535s] Level 1:colcon.colcon_core.environment:create_environment_scripts_only(turtlebot3_gazebo)
[0.536s] Level 1:colcon.colcon_core.environment:checking '/home/rohit/pcl_ws/install/turtlebot3_gazebo' for CMake module files
[0.537s] DEBUG:colcon.colcon_core.event_handler.log_command:Invoked command in '/home/rohit/pcl_ws/build/turtlebot3_gazebo' returned '0': CMAKE_PREFIX_PATH=${CMAKE_PREFIX_PATH}:/opt/ros/humble /home/rohit/.local/bin/cmake --install /home/rohit/pcl_ws/build/turtlebot3_gazebo
[0.537s] Level 1:colcon.colcon_core.environment:checking '/home/rohit/pcl_ws/install/turtlebot3_gazebo' for CMake config files
[0.537s] Level 1:colcon.colcon_core.shell:create_environment_hook('turtlebot3_gazebo', 'cmake_prefix_path')
[0.538s] INFO:colcon.colcon_core.shell:Creating environment hook '/home/rohit/pcl_ws/install/turtlebot3_gazebo/share/turtlebot3_gazebo/hook/cmake_prefix_path.ps1'
[0.539s] INFO:colcon.colcon_core.shell:Creating environment descriptor '/home/rohit/pcl_ws/install/turtlebot3_gazebo/share/turtlebot3_gazebo/hook/cmake_prefix_path.dsv'
[0.539s] INFO:colcon.colcon_core.shell:Creating environment hook '/home/rohit/pcl_ws/install/turtlebot3_gazebo/share/turtlebot3_gazebo/hook/cmake_prefix_path.sh'
[0.539s] Level 1:colcon.colcon_core.environment:checking '/home/rohit/pcl_ws/install/turtlebot3_gazebo/lib'
[0.539s] Level 1:colcon.colcon_core.environment:checking '/home/rohit/pcl_ws/install/turtlebot3_gazebo/bin'
[0.540s] Level 1:colcon.colcon_core.environment:checking '/home/rohit/pcl_ws/install/turtlebot3_gazebo/lib/pkgconfig/turtlebot3_gazebo.pc'
[0.540s] Level 1:colcon.colcon_core.environment:checking '/home/rohit/pcl_ws/install/turtlebot3_gazebo/lib/python3.10/site-packages'
[0.540s] Level 1:colcon.colcon_core.environment:checking '/home/rohit/pcl_ws/install/turtlebot3_gazebo/bin'
[0.541s] INFO:colcon.colcon_core.shell:Creating package script '/home/rohit/pcl_ws/install/turtlebot3_gazebo/share/turtlebot3_gazebo/package.ps1'
[0.541s] INFO:colcon.colcon_core.shell:Creating package descriptor '/home/rohit/pcl_ws/install/turtlebot3_gazebo/share/turtlebot3_gazebo/package.dsv'
[0.542s] INFO:colcon.colcon_core.shell:Creating package script '/home/rohit/pcl_ws/install/turtlebot3_gazebo/share/turtlebot3_gazebo/package.sh'
[0.542s] INFO:colcon.colcon_core.shell:Creating package script '/home/rohit/pcl_ws/install/turtlebot3_gazebo/share/turtlebot3_gazebo/package.bash'
[0.542s] INFO:colcon.colcon_core.shell:Creating package script '/home/rohit/pcl_ws/install/turtlebot3_gazebo/share/turtlebot3_gazebo/package.zsh'
[0.542s] Level 1:colcon.colcon_core.environment:create_file_with_runtime_dependencies(/home/rohit/pcl_ws/install/turtlebot3_gazebo/share/colcon-core/packages/turtlebot3_gazebo)
[0.580s] Level 1:colcon.colcon_core.environment:create_environment_scripts_only(point_cloud_processing)
[0.583s] Level 1:colcon.colcon_core.environment:checking '/home/rohit/pcl_ws/install/point_cloud_processing' for CMake module files
[0.583s] Level 1:colcon.colcon_core.environment:checking '/home/rohit/pcl_ws/install/point_cloud_processing' for CMake config files
[0.584s] Level 1:colcon.colcon_core.shell:create_environment_hook('point_cloud_processing', 'cmake_prefix_path')
[0.585s] INFO:colcon.colcon_core.shell:Creating environment hook '/home/rohit/pcl_ws/install/point_cloud_processing/share/point_cloud_processing/hook/cmake_prefix_path.ps1'
[0.586s] INFO:colcon.colcon_core.shell:Creating environment descriptor '/home/rohit/pcl_ws/install/point_cloud_processing/share/point_cloud_processing/hook/cmake_prefix_path.dsv'
[0.586s] INFO:colcon.colcon_core.shell:Creating environment hook '/home/rohit/pcl_ws/install/point_cloud_processing/share/point_cloud_processing/hook/cmake_prefix_path.sh'
[0.587s] Level 1:colcon.colcon_core.environment:checking '/home/rohit/pcl_ws/install/point_cloud_processing/lib'
[0.587s] Level 1:colcon.colcon_core.environment:checking '/home/rohit/pcl_ws/install/point_cloud_processing/bin'
[0.587s] Level 1:colcon.colcon_core.environment:checking '/home/rohit/pcl_ws/install/point_cloud_processing/lib/pkgconfig/point_cloud_processing.pc'
[0.587s] Level 1:colcon.colcon_core.environment:checking '/home/rohit/pcl_ws/install/point_cloud_processing/lib/python3.10/site-packages'
[0.587s] Level 1:colcon.colcon_core.environment:checking '/home/rohit/pcl_ws/install/point_cloud_processing/bin'
[0.589s] INFO:colcon.colcon_core.shell:Creating package script '/home/rohit/pcl_ws/install/point_cloud_processing/share/point_cloud_processing/package.ps1'
[0.589s] INFO:colcon.colcon_core.shell:Creating package descriptor '/home/rohit/pcl_ws/install/point_cloud_processing/share/point_cloud_processing/package.dsv'
[0.589s] INFO:colcon.colcon_core.shell:Creating package script '/home/rohit/pcl_ws/install/point_cloud_processing/share/point_cloud_processing/package.sh'
[0.590s] INFO:colcon.colcon_core.shell:Creating package script '/home/rohit/pcl_ws/install/point_cloud_processing/share/point_cloud_processing/package.bash'
[0.590s] INFO:colcon.colcon_core.shell:Creating package script '/home/rohit/pcl_ws/install/point_cloud_processing/share/point_cloud_processing/package.zsh'
[0.590s] Level 1:colcon.colcon_core.environment:create_file_with_runtime_dependencies(/home/rohit/pcl_ws/install/point_cloud_processing/share/colcon-core/packages/point_cloud_processing)
[0.592s] Level 1:colcon.colcon_core.environment:create_environment_scripts_only(turtlebot3_gazebo)
[0.593s] Level 1:colcon.colcon_core.environment:checking '/home/rohit/pcl_ws/install/turtlebot3_gazebo' for CMake module files
[0.594s] Level 1:colcon.colcon_core.environment:checking '/home/rohit/pcl_ws/install/turtlebot3_gazebo' for CMake config files
[0.594s] Level 1:colcon.colcon_core.shell:create_environment_hook('turtlebot3_gazebo', 'cmake_prefix_path')
[0.595s] INFO:colcon.colcon_core.shell:Creating environment hook '/home/rohit/pcl_ws/install/turtlebot3_gazebo/share/turtlebot3_gazebo/hook/cmake_prefix_path.ps1'
[0.595s] INFO:colcon.colcon_core.shell:Creating environment descriptor '/home/rohit/pcl_ws/install/turtlebot3_gazebo/share/turtlebot3_gazebo/hook/cmake_prefix_path.dsv'
[0.596s] INFO:colcon.colcon_core.shell:Creating environment hook '/home/rohit/pcl_ws/install/turtlebot3_gazebo/share/turtlebot3_gazebo/hook/cmake_prefix_path.sh'
[0.596s] Level 1:colcon.colcon_core.environment:checking '/home/rohit/pcl_ws/install/turtlebot3_gazebo/lib'
[0.596s] Level 1:colcon.colcon_core.environment:checking '/home/rohit/pcl_ws/install/turtlebot3_gazebo/bin'
[0.596s] Level 1:colcon.colcon_core.environment:checking '/home/rohit/pcl_ws/install/turtlebot3_gazebo/lib/pkgconfig/turtlebot3_gazebo.pc'
[0.596s] Level 1:colcon.colcon_core.environment:checking '/home/rohit/pcl_ws/install/turtlebot3_gazebo/lib/python3.10/site-packages'
[0.597s] Level 1:colcon.colcon_core.environment:checking '/home/rohit/pcl_ws/install/turtlebot3_gazebo/bin'
[0.598s] INFO:colcon.colcon_core.shell:Creating package script '/home/rohit/pcl_ws/install/turtlebot3_gazebo/share/turtlebot3_gazebo/package.ps1'
[0.598s] INFO:colcon.colcon_core.shell:Creating package descriptor '/home/rohit/pcl_ws/install/turtlebot3_gazebo/share/turtlebot3_gazebo/package.dsv'
[0.598s] INFO:colcon.colcon_core.shell:Creating package script '/home/rohit/pcl_ws/install/turtlebot3_gazebo/share/turtlebot3_gazebo/package.sh'
[0.598s] INFO:colcon.colcon_core.shell:Creating package script '/home/rohit/pcl_ws/install/turtlebot3_gazebo/share/turtlebot3_gazebo/package.bash'
[0.599s] INFO:colcon.colcon_core.shell:Creating package script '/home/rohit/pcl_ws/install/turtlebot3_gazebo/share/turtlebot3_gazebo/package.zsh'
[0.599s] Level 1:colcon.colcon_core.environment:create_file_with_runtime_dependencies(/home/rohit/pcl_ws/install/turtlebot3_gazebo/share/colcon-core/packages/turtlebot3_gazebo)
[0.599s] DEBUG:colcon.colcon_parallel_executor.executor.parallel:closing loop
[0.599s] DEBUG:colcon.colcon_parallel_executor.executor.parallel:loop closed
[0.599s] DEBUG:colcon.colcon_parallel_executor.executor.parallel:run_until_complete finished with '0'
[0.599s] DEBUG:colcon.colcon_core.event_reactor:joining thread
[0.604s] INFO:colcon.colcon_core.plugin_system:Skipping extension 'colcon_notification.desktop_notification.terminal_notifier': Not used on non-Darwin systems
[0.604s] INFO:colcon.colcon_core.plugin_system:Skipping extension 'colcon_notification.desktop_notification.win32': Not used on non-Windows systems
[0.604s] INFO:colcon.colcon_notification.desktop_notification:Sending desktop notification using 'notify2'
[0.614s] DEBUG:colcon.colcon_core.event_reactor:joined thread
[0.616s] INFO:colcon.colcon_core.shell:Creating prefix script '/home/rohit/pcl_ws/install/local_setup.ps1'
[0.617s] INFO:colcon.colcon_core.shell:Creating prefix util module '/home/rohit/pcl_ws/install/_local_setup_util_ps1.py'
[0.618s] INFO:colcon.colcon_core.shell:Creating prefix chain script '/home/rohit/pcl_ws/install/setup.ps1'
[0.620s] INFO:colcon.colcon_core.shell:Creating prefix script '/home/rohit/pcl_ws/install/local_setup.sh'
[0.620s] INFO:colcon.colcon_core.shell:Creating prefix util module '/home/rohit/pcl_ws/install/_local_setup_util_sh.py'
[0.621s] INFO:colcon.colcon_core.shell:Creating prefix chain script '/home/rohit/pcl_ws/install/setup.sh'
[0.622s] INFO:colcon.colcon_core.shell:Creating prefix script '/home/rohit/pcl_ws/install/local_setup.bash'
[0.622s] INFO:colcon.colcon_core.shell:Creating prefix chain script '/home/rohit/pcl_ws/install/setup.bash'
[0.623s] INFO:colcon.colcon_core.shell:Creating prefix script '/home/rohit/pcl_ws/install/local_setup.zsh'
[0.623s] INFO:colcon.colcon_core.shell:Creating prefix chain script '/home/rohit/pcl_ws/install/setup.zsh'
