[0.006s] Invoking command in '/home/rohit/pcl_ws/build/point_cloud_processing': /home/rohit/.local/bin/cmake /home/rohit/pcl_ws/src/ROS2-Point-Cloud-Clustering-and-Segmentation-for-Autonomous-Behaviour/point_cloud_processing -DCMAKE_INSTALL_PREFIX=/home/rohit/pcl_ws/install/point_cloud_processing
[0.048s] -- The C compiler identification is GNU 11.3.0
[0.079s] -- The CXX compiler identification is GNU 11.3.0
[0.085s] -- Detecting C compiler ABI info
[0.115s] -- Detecting C compiler ABI info - done
[0.122s] -- Check for working C compiler: /usr/bin/cc - skipped
[0.122s] -- Detecting C compile features
[0.122s] -- Detecting C compile features - done
[0.125s] -- Detecting CXX compiler ABI info
[0.163s] -- Detecting CXX compiler ABI info - done
[0.168s] -- Check for working CXX compiler: /usr/bin/c++ - skipped
[0.169s] -- Detecting CXX compile features
[0.169s] -- Detecting CXX compile features - done
[0.170s] -- Found ament_cmake: 1.3.4 (/opt/ros/humble/share/ament_cmake/cmake)
[0.357s] -- Found Python3: /usr/bin/python3.10 (found version "3.10.6") found components: Interpreter 
[0.410s] -- Found ament_lint_auto: 0.12.6 (/opt/ros/humble/share/ament_lint_auto/cmake)
[0.454s] -- Added test 'lint_cmake' to check CMake code style
[0.455s] -- Added test 'xmllint' to check XML markup files
[0.455s] -- Configuring done
[0.456s] -- Generating done
[0.457s] -- Build files have been written to: /home/rohit/pcl_ws/build/point_cloud_processing
[0.462s] Invoked command in '/home/rohit/pcl_ws/build/point_cloud_processing' returned '0': /home/rohit/.local/bin/cmake /home/rohit/pcl_ws/src/ROS2-Point-Cloud-Clustering-and-Segmentation-for-Autonomous-Behaviour/point_cloud_processing -DCMAKE_INSTALL_PREFIX=/home/rohit/pcl_ws/install/point_cloud_processing
[0.463s] Invoking command in '/home/rohit/pcl_ws/build/point_cloud_processing': /home/rohit/.local/bin/cmake --build /home/rohit/pcl_ws/build/point_cloud_processing -- -j20 -l20
[0.487s] Invoked command in '/home/rohit/pcl_ws/build/point_cloud_processing' returned '0': /home/rohit/.local/bin/cmake --build /home/rohit/pcl_ws/build/point_cloud_processing -- -j20 -l20
[0.528s] Invoking command in '/home/rohit/pcl_ws/build/point_cloud_processing': /home/rohit/.local/bin/cmake --install /home/rohit/pcl_ws/build/point_cloud_processing
[0.543s] -- Install configuration: ""
[0.543s] -- Installing: /home/rohit/pcl_ws/install/point_cloud_processing/share/ament_index/resource_index/package_run_dependencies/point_cloud_processing
[0.543s] -- Installing: /home/rohit/pcl_ws/install/point_cloud_processing/share/ament_index/resource_index/parent_prefix_path/point_cloud_processing
[0.543s] -- Installing: /home/rohit/pcl_ws/install/point_cloud_processing/share/point_cloud_processing/environment/ament_prefix_path.sh
[0.543s] -- Installing: /home/rohit/pcl_ws/install/point_cloud_processing/share/point_cloud_processing/environment/ament_prefix_path.dsv
[0.543s] -- Installing: /home/rohit/pcl_ws/install/point_cloud_processing/share/point_cloud_processing/environment/path.sh
[0.543s] -- Installing: /home/rohit/pcl_ws/install/point_cloud_processing/share/point_cloud_processing/environment/path.dsv
[0.543s] -- Installing: /home/rohit/pcl_ws/install/point_cloud_processing/share/point_cloud_processing/local_setup.bash
[0.543s] -- Installing: /home/rohit/pcl_ws/install/point_cloud_processing/share/point_cloud_processing/local_setup.sh
[0.543s] -- Installing: /home/rohit/pcl_ws/install/point_cloud_processing/share/point_cloud_processing/local_setup.zsh
[0.543s] -- Installing: /home/rohit/pcl_ws/install/point_cloud_processing/share/point_cloud_processing/local_setup.dsv
[0.543s] -- Installing: /home/rohit/pcl_ws/install/point_cloud_processing/share/point_cloud_processing/package.dsv
[0.543s] -- Installing: /home/rohit/pcl_ws/install/point_cloud_processing/share/ament_index/resource_index/packages/point_cloud_processing
[0.543s] -- Installing: /home/rohit/pcl_ws/install/point_cloud_processing/share/point_cloud_processing/cmake/point_cloud_processingConfig.cmake
[0.543s] -- Installing: /home/rohit/pcl_ws/install/point_cloud_processing/share/point_cloud_processing/cmake/point_cloud_processingConfig-version.cmake
[0.544s] -- Installing: /home/rohit/pcl_ws/install/point_cloud_processing/share/point_cloud_processing/package.xml
[0.547s] Invoked command in '/home/rohit/pcl_ws/build/point_cloud_processing' returned '0': /home/rohit/.local/bin/cmake --install /home/rohit/pcl_ws/build/point_cloud_processing
