-- Found ament_cmake: 1.3.4 (/opt/ros/humble/share/ament_cmake/cmake)
-- Found rclcpp: 16.0.4 (/opt/ros/humble/share/rclcpp/cmake)
-- Found rosidl_generator_c: 3.1.4 (/opt/ros/humble/share/rosidl_generator_c/cmake)
-- Found rosidl_adapter: 3.1.4 (/opt/ros/humble/share/rosidl_adapter/cmake)
-- Found rosidl_generator_cpp: 3.1.4 (/opt/ros/humble/share/rosidl_generator_cpp/cmake)
-- Using all available rosidl_typesupport_c: rosidl_typesupport_fastrtps_c;rosidl_typesupport_introspection_c
-- Using all available rosidl_typesupport_cpp: rosidl_typesupport_fastrtps_cpp;rosidl_typesupport_introspection_cpp
-- Found rmw_implementation_cmake: 6.1.1 (/opt/ros/humble/share/rmw_implementation_cmake/cmake)
-- Found rmw_fastrtps_cpp: 6.2.2 (/opt/ros/humble/share/rmw_fastrtps_cpp/cmake)
-- Using RMW implementation 'rmw_fastrtps_cpp' as default
-- Found rclcpp_action: 16.0.4 (/opt/ros/humble/share/rclcpp_action/cmake)
-- Found rclcpp_lifecycle: 16.0.4 (/opt/ros/humble/share/rclcpp_lifecycle/cmake)
-- Found pluginlib: 5.1.0 (/opt/ros/humble/share/pluginlib/cmake)
-- Found geometry_msgs: 4.2.3 (/opt/ros/humble/share/geometry_msgs/cmake)
-- Found sensor_msgs: 4.2.3 (/opt/ros/humble/share/sensor_msgs/cmake)
-- Found shape_msgs: 4.2.3 (/opt/ros/humble/share/shape_msgs/cmake)
-- Found tf2: 0.25.2 (/opt/ros/humble/share/tf2/cmake)
-- Found tf2_geometry_msgs: 0.25.2 (/opt/ros/humble/share/tf2_geometry_msgs/cmake)
-- Found eigen3_cmake_module: 0.1.1 (/opt/ros/humble/share/eigen3_cmake_module/cmake)
-- Ensuring Eigen3 include directory is part of orocos-kdl CMake target
-- Found visualization_msgs: 4.2.3 (/opt/ros/humble/share/visualization_msgs/cmake)
-- Found pcl_conversions: 2.4.0 (/opt/ros/humble/share/pcl_conversions/cmake)
-- Found Boost: /usr/lib/x86_64-linux-gnu/cmake/Boost-1.74.0/BoostConfig.cmake (found version "1.74.0") found components: system 
-- Eigen found (include: /usr/include/eigen3, version: 3.4.0)
-- Found Boost: /usr/lib/x86_64-linux-gnu/cmake/Boost-1.74.0/BoostConfig.cmake (found suitable version "1.74.0", minimum required is "1.65.0") found components: system filesystem date_time iostreams serialization 
-- looking for PCL_COMMON
-- Configuring done
-- Generating done
-- Build files have been written to: /home/rohit/pcl_ws/build/ros2_kitti_publishers
[ 50%] Built target ros2_kitti_publishers
[100%] Built target kitti_publishers
-- Install configuration: ""
-- Up-to-date: /home/rohit/pcl_ws/install/ros2_kitti_publishers/include/
-- Up-to-date: /home/rohit/pcl_ws/install/ros2_kitti_publishers/include//ros2_kitti_publishers
-- Up-to-date: /home/rohit/pcl_ws/install/ros2_kitti_publishers/include//ros2_kitti_publishers/WGS84toCartesian.hpp
-- Up-to-date: /home/rohit/pcl_ws/install/ros2_kitti_publishers/include//ros2_kitti_publishers/kitti_publishers_node.hpp
-- Up-to-date: /home/rohit/pcl_ws/install/ros2_kitti_publishers/include//ros2_kitti_publishers/visibility.h
-- Up-to-date: /home/rohit/pcl_ws/install/ros2_kitti_publishers/share/ros2_kitti_publishers/launch
-- Up-to-date: /home/rohit/pcl_ws/install/ros2_kitti_publishers/share/ros2_kitti_publishers/launch/README.md
-- Up-to-date: /home/rohit/pcl_ws/install/ros2_kitti_publishers/lib/libros2_kitti_publishers.so
-- Up-to-date: /home/rohit/pcl_ws/install/ros2_kitti_publishers/lib/ros2_kitti_publishers/kitti_publishers
-- Up-to-date: /home/rohit/pcl_ws/install/ros2_kitti_publishers/share/ament_index/resource_index/package_run_dependencies/ros2_kitti_publishers
-- Installing: /home/rohit/pcl_ws/install/ros2_kitti_publishers/share/ament_index/resource_index/parent_prefix_path/ros2_kitti_publishers
-- Up-to-date: /home/rohit/pcl_ws/install/ros2_kitti_publishers/share/ros2_kitti_publishers/environment/ament_prefix_path.sh
-- Installing: /home/rohit/pcl_ws/install/ros2_kitti_publishers/share/ros2_kitti_publishers/environment/ament_prefix_path.dsv
-- Up-to-date: /home/rohit/pcl_ws/install/ros2_kitti_publishers/share/ros2_kitti_publishers/environment/path.sh
-- Installing: /home/rohit/pcl_ws/install/ros2_kitti_publishers/share/ros2_kitti_publishers/environment/path.dsv
-- Up-to-date: /home/rohit/pcl_ws/install/ros2_kitti_publishers/share/ros2_kitti_publishers/local_setup.bash
-- Up-to-date: /home/rohit/pcl_ws/install/ros2_kitti_publishers/share/ros2_kitti_publishers/local_setup.sh
-- Up-to-date: /home/rohit/pcl_ws/install/ros2_kitti_publishers/share/ros2_kitti_publishers/local_setup.zsh
-- Installing: /home/rohit/pcl_ws/install/ros2_kitti_publishers/share/ros2_kitti_publishers/local_setup.dsv
-- Installing: /home/rohit/pcl_ws/install/ros2_kitti_publishers/share/ros2_kitti_publishers/package.dsv
-- Up-to-date: /home/rohit/pcl_ws/install/ros2_kitti_publishers/share/ament_index/resource_index/packages/ros2_kitti_publishers
-- Up-to-date: /home/rohit/pcl_ws/install/ros2_kitti_publishers/share/ros2_kitti_publishers/cmake/ros2_kitti_publishersConfig.cmake
-- Up-to-date: /home/rohit/pcl_ws/install/ros2_kitti_publishers/share/ros2_kitti_publishers/cmake/ros2_kitti_publishersConfig-version.cmake
-- Installing: /home/rohit/pcl_ws/install/ros2_kitti_publishers/share/ros2_kitti_publishers/package.xml
