[0.012s] Invoking command in '/home/rohit/pcl_ws/build/ros2_kitti_publishers': CMAKE_PREFIX_PATH=${CMAKE_PREFIX_PATH}:/opt/ros/humble /home/rohit/.local/bin/cmake --build /home/rohit/pcl_ws/build/ros2_kitti_publishers -- -j20 -l20
[0.040s] -- Found ament_cmake: 1.3.4 (/opt/ros/humble/share/ament_cmake/cmake)
[0.115s] -- Found rclcpp: 16.0.4 (/opt/ros/humble/share/rclcpp/cmake)
[0.140s] -- Found rosidl_generator_c: 3.1.4 (/opt/ros/humble/share/rosidl_generator_c/cmake)
[0.144s] -- Found rosidl_adapter: 3.1.4 (/opt/ros/humble/share/rosidl_adapter/cmake)
[0.146s] -- Found rosidl_generator_cpp: 3.1.4 (/opt/ros/humble/share/rosidl_generator_cpp/cmake)
[0.155s] -- Using all available rosidl_typesupport_c: rosidl_typesupport_fastrtps_c;rosidl_typesupport_introspection_c
[0.168s] -- Using all available rosidl_typesupport_cpp: rosidl_typesupport_fastrtps_cpp;rosidl_typesupport_introspection_cpp
[0.209s] -- Found rmw_implementation_cmake: 6.1.1 (/opt/ros/humble/share/rmw_implementation_cmake/cmake)
[0.210s] -- Found rmw_fastrtps_cpp: 6.2.2 (/opt/ros/humble/share/rmw_fastrtps_cpp/cmake)
[0.284s] -- Using RMW implementation 'rmw_fastrtps_cpp' as default
[0.398s] -- Found rclcpp_action: 16.0.4 (/opt/ros/humble/share/rclcpp_action/cmake)
[0.461s] -- Found rclcpp_lifecycle: 16.0.4 (/opt/ros/humble/share/rclcpp_lifecycle/cmake)
[0.490s] -- Found pluginlib: 5.1.0 (/opt/ros/humble/share/pluginlib/cmake)
[0.502s] -- Found geometry_msgs: 4.2.3 (/opt/ros/humble/share/geometry_msgs/cmake)
[0.531s] -- Found sensor_msgs: 4.2.3 (/opt/ros/humble/share/sensor_msgs/cmake)
[0.586s] -- Found shape_msgs: 4.2.3 (/opt/ros/humble/share/shape_msgs/cmake)
[0.623s] -- Found tf2: 0.25.2 (/opt/ros/humble/share/tf2/cmake)
[0.629s] -- Found tf2_geometry_msgs: 0.25.2 (/opt/ros/humble/share/tf2_geometry_msgs/cmake)
[0.633s] -- Found eigen3_cmake_module: 0.1.1 (/opt/ros/humble/share/eigen3_cmake_module/cmake)
[0.634s] -- Ensuring Eigen3 include directory is part of orocos-kdl CMake target
[0.795s] -- Found visualization_msgs: 4.2.3 (/opt/ros/humble/share/visualization_msgs/cmake)
[0.871s] -- Found pcl_conversions: 2.4.0 (/opt/ros/humble/share/pcl_conversions/cmake)
[0.968s] -- Found Boost: /usr/lib/x86_64-linux-gnu/cmake/Boost-1.74.0/BoostConfig.cmake (found version "1.74.0") found components: system 
[0.975s] -- Eigen found (include: /usr/include/eigen3, version: 3.4.0)
[0.980s] -- Found Boost: /usr/lib/x86_64-linux-gnu/cmake/Boost-1.74.0/BoostConfig.cmake (found suitable version "1.74.0", minimum required is "1.65.0") found components: system filesystem date_time iostreams serialization 
[0.981s] -- looking for PCL_COMMON
[1.101s] -- Configuring done
[1.124s] -- Generating done
[1.125s] -- Build files have been written to: /home/rohit/pcl_ws/build/ros2_kitti_publishers
[1.148s] [ 50%] Built target ros2_kitti_publishers
[1.164s] [100%] Built target kitti_publishers
[1.170s] Invoked command in '/home/rohit/pcl_ws/build/ros2_kitti_publishers' returned '0': CMAKE_PREFIX_PATH=${CMAKE_PREFIX_PATH}:/opt/ros/humble /home/rohit/.local/bin/cmake --build /home/rohit/pcl_ws/build/ros2_kitti_publishers -- -j20 -l20
[1.197s] Invoking command in '/home/rohit/pcl_ws/build/ros2_kitti_publishers': CMAKE_PREFIX_PATH=${CMAKE_PREFIX_PATH}:/opt/ros/humble /home/rohit/.local/bin/cmake --install /home/rohit/pcl_ws/build/ros2_kitti_publishers
[1.212s] -- Install configuration: ""
[1.212s] -- Up-to-date: /home/rohit/pcl_ws/install/ros2_kitti_publishers/include/
[1.212s] -- Up-to-date: /home/rohit/pcl_ws/install/ros2_kitti_publishers/include//ros2_kitti_publishers
[1.212s] -- Up-to-date: /home/rohit/pcl_ws/install/ros2_kitti_publishers/include//ros2_kitti_publishers/WGS84toCartesian.hpp
[1.212s] -- Up-to-date: /home/rohit/pcl_ws/install/ros2_kitti_publishers/include//ros2_kitti_publishers/kitti_publishers_node.hpp
[1.212s] -- Up-to-date: /home/rohit/pcl_ws/install/ros2_kitti_publishers/include//ros2_kitti_publishers/visibility.h
[1.212s] -- Up-to-date: /home/rohit/pcl_ws/install/ros2_kitti_publishers/share/ros2_kitti_publishers/launch
[1.212s] -- Up-to-date: /home/rohit/pcl_ws/install/ros2_kitti_publishers/share/ros2_kitti_publishers/launch/README.md
[1.212s] -- Up-to-date: /home/rohit/pcl_ws/install/ros2_kitti_publishers/lib/libros2_kitti_publishers.so
[1.212s] -- Up-to-date: /home/rohit/pcl_ws/install/ros2_kitti_publishers/lib/ros2_kitti_publishers/kitti_publishers
[1.212s] -- Up-to-date: /home/rohit/pcl_ws/install/ros2_kitti_publishers/share/ament_index/resource_index/package_run_dependencies/ros2_kitti_publishers
[1.212s] -- Installing: /home/rohit/pcl_ws/install/ros2_kitti_publishers/share/ament_index/resource_index/parent_prefix_path/ros2_kitti_publishers
[1.212s] -- Up-to-date: /home/rohit/pcl_ws/install/ros2_kitti_publishers/share/ros2_kitti_publishers/environment/ament_prefix_path.sh
[1.212s] -- Installing: /home/rohit/pcl_ws/install/ros2_kitti_publishers/share/ros2_kitti_publishers/environment/ament_prefix_path.dsv
[1.212s] -- Up-to-date: /home/rohit/pcl_ws/install/ros2_kitti_publishers/share/ros2_kitti_publishers/environment/path.sh
[1.213s] -- Installing: /home/rohit/pcl_ws/install/ros2_kitti_publishers/share/ros2_kitti_publishers/environment/path.dsv
[1.213s] -- Up-to-date: /home/rohit/pcl_ws/install/ros2_kitti_publishers/share/ros2_kitti_publishers/local_setup.bash
[1.213s] -- Up-to-date: /home/rohit/pcl_ws/install/ros2_kitti_publishers/share/ros2_kitti_publishers/local_setup.sh
[1.213s] -- Up-to-date: /home/rohit/pcl_ws/install/ros2_kitti_publishers/share/ros2_kitti_publishers/local_setup.zsh
[1.213s] -- Installing: /home/rohit/pcl_ws/install/ros2_kitti_publishers/share/ros2_kitti_publishers/local_setup.dsv
[1.213s] -- Installing: /home/rohit/pcl_ws/install/ros2_kitti_publishers/share/ros2_kitti_publishers/package.dsv
[1.213s] -- Up-to-date: /home/rohit/pcl_ws/install/ros2_kitti_publishers/share/ament_index/resource_index/packages/ros2_kitti_publishers
[1.213s] -- Up-to-date: /home/rohit/pcl_ws/install/ros2_kitti_publishers/share/ros2_kitti_publishers/cmake/ros2_kitti_publishersConfig.cmake
[1.213s] -- Up-to-date: /home/rohit/pcl_ws/install/ros2_kitti_publishers/share/ros2_kitti_publishers/cmake/ros2_kitti_publishersConfig-version.cmake
[1.213s] -- Installing: /home/rohit/pcl_ws/install/ros2_kitti_publishers/share/ros2_kitti_publishers/package.xml
[1.217s] Invoked command in '/home/rohit/pcl_ws/build/ros2_kitti_publishers' returned '0': CMAKE_PREFIX_PATH=${CMAKE_PREFIX_PATH}:/opt/ros/humble /home/rohit/.local/bin/cmake --install /home/rohit/pcl_ws/build/ros2_kitti_publishers
