[ 50%] Built target ros2_kitti_publishers
[100%] Built target kitti_publishers
-- Install configuration: ""
-- Up-to-date: /home/rohit/pcl_ws/install/ros2_kitti_publishers/include/
-- Up-to-date: /home/rohit/pcl_ws/install/ros2_kitti_publishers/include//ros2_kitti_publishers
-- Up-to-date: /home/rohit/pcl_ws/install/ros2_kitti_publishers/include//ros2_kitti_publishers/WGS84toCartesian.hpp
-- Up-to-date: /home/rohit/pcl_ws/install/ros2_kitti_publishers/include//ros2_kitti_publishers/kitti_publishers_node.hpp
-- Up-to-date: /home/rohit/pcl_ws/install/ros2_kitti_publishers/include//ros2_kitti_publishers/visibility.h
-- Up-to-date: /home/rohit/pcl_ws/install/ros2_kitti_publishers/share/ros2_kitti_publishers/launch
-- Up-to-date: /home/rohit/pcl_ws/install/ros2_kitti_publishers/share/ros2_kitti_publishers/launch/README.md
-- Up-to-date: /home/rohit/pcl_ws/install/ros2_kitti_publishers/lib/libros2_kitti_publishers.so
-- Up-to-date: /home/rohit/pcl_ws/install/ros2_kitti_publishers/lib/ros2_kitti_publishers/kitti_publishers
-- Up-to-date: /home/rohit/pcl_ws/install/ros2_kitti_publishers/share/ament_index/resource_index/package_run_dependencies/ros2_kitti_publishers
-- Up-to-date: /home/rohit/pcl_ws/install/ros2_kitti_publishers/share/ament_index/resource_index/parent_prefix_path/ros2_kitti_publishers
-- Up-to-date: /home/rohit/pcl_ws/install/ros2_kitti_publishers/share/ros2_kitti_publishers/environment/ament_prefix_path.sh
-- Up-to-date: /home/rohit/pcl_ws/install/ros2_kitti_publishers/share/ros2_kitti_publishers/environment/ament_prefix_path.dsv
-- Up-to-date: /home/rohit/pcl_ws/install/ros2_kitti_publishers/share/ros2_kitti_publishers/environment/path.sh
-- Up-to-date: /home/rohit/pcl_ws/install/ros2_kitti_publishers/share/ros2_kitti_publishers/environment/path.dsv
-- Up-to-date: /home/rohit/pcl_ws/install/ros2_kitti_publishers/share/ros2_kitti_publishers/local_setup.bash
-- Up-to-date: /home/rohit/pcl_ws/install/ros2_kitti_publishers/share/ros2_kitti_publishers/local_setup.sh
-- Up-to-date: /home/rohit/pcl_ws/install/ros2_kitti_publishers/share/ros2_kitti_publishers/local_setup.zsh
-- Up-to-date: /home/rohit/pcl_ws/install/ros2_kitti_publishers/share/ros2_kitti_publishers/local_setup.dsv
-- Installing: /home/rohit/pcl_ws/install/ros2_kitti_publishers/share/ros2_kitti_publishers/package.dsv
-- Up-to-date: /home/rohit/pcl_ws/install/ros2_kitti_publishers/share/ament_index/resource_index/packages/ros2_kitti_publishers
-- Up-to-date: /home/rohit/pcl_ws/install/ros2_kitti_publishers/share/ros2_kitti_publishers/cmake/ros2_kitti_publishersConfig.cmake
-- Up-to-date: /home/rohit/pcl_ws/install/ros2_kitti_publishers/share/ros2_kitti_publishers/cmake/ros2_kitti_publishersConfig-version.cmake
-- Up-to-date: /home/rohit/pcl_ws/install/ros2_kitti_publishers/share/ros2_kitti_publishers/package.xml
