[0.017s] Invoking command in '/home/rohit/pcl_ws/build/point_cloud_processing': CMAKE_PREFIX_PATH=${CMAKE_PREFIX_PATH}:/home/rohit/pcl_ws/install/turtlebot3_gazebo:/home/rohit/pcl_ws/install/ros2_kitti_publishers:/opt/ros/humble /home/rohit/.local/bin/cmake --build /home/rohit/pcl_ws/build/point_cloud_processing -- -j20 -l20
[0.043s] -- Found ament_cmake: 1.3.4 (/opt/ros/humble/share/ament_cmake/cmake)
[0.117s] -- Eigen found (include: /usr/include/eigen3, version: 3.4.0)
[0.144s] -- FLANN found (include: /usr/include, lib: /usr/lib/x86_64-linux-gnu/libflann_cpp.so)
[0.342s] -- OpenNI found (version: 1.5.4.0, include: /usr/include/ni, lib: /usr/lib/libOpenNI.so;libusb::libusb)
[0.345s] -- OpenNI2 found (version: 2.2.0.33, include: /usr/include/openni2, lib: /usr/lib/x86_64-linux-gnu/libOpenNI2.so;libusb::libusb)
[0.345s] [0m** WARNING ** io features related to pcap will be disabled[0m
[0.463s] -- Eigen found (include: /usr/include/eigen3, version: 3.4.0)
[0.467s] -- OpenNI found (version: 1.5.4.0, include: /usr/include/ni, lib: /usr/lib/libOpenNI.so;libusb::libusb)
[0.470s] -- OpenNI2 found (version: 2.2.0.33, include: /usr/include/openni2, lib: /usr/lib/x86_64-linux-gnu/libOpenNI2.so;libusb::libusb)
[0.583s] -- Found Qhull version 8.0.2
[0.698s] -- OpenNI found (version: 1.5.4.0, include: /usr/include/ni, lib: /usr/lib/libOpenNI.so;libusb::libusb)
[0.810s] -- looking for PCL_COMMON
[0.811s] -- looking for PCL_KDTREE
[0.811s] -- looking for PCL_OCTREE
[0.811s] -- looking for PCL_SEARCH
[0.811s] -- looking for PCL_SAMPLE_CONSENSUS
[0.811s] -- looking for PCL_FILTERS
[0.811s] -- looking for PCL_2D
[0.812s] -- looking for PCL_GEOMETRY
[0.812s] -- looking for PCL_IO
[0.812s] -- looking for PCL_FEATURES
[0.812s] -- looking for PCL_ML
[0.812s] -- looking for PCL_SEGMENTATION
[0.813s] -- looking for PCL_VISUALIZATION
[0.813s] -- looking for PCL_SURFACE
[0.813s] -- looking for PCL_REGISTRATION
[0.814s] -- looking for PCL_KEYPOINTS
[0.814s] -- looking for PCL_TRACKING
[0.814s] -- looking for PCL_RECOGNITION
[0.814s] -- looking for PCL_STEREO
[0.815s] -- looking for PCL_APPS
[0.815s] -- looking for PCL_IN_HAND_SCANNER
[0.815s] -- looking for PCL_MODELER
[0.816s] -- looking for PCL_POINT_CLOUD_EDITOR
[0.816s] -- looking for PCL_OUTOFCORE
[0.816s] -- looking for PCL_PEOPLE
[0.817s] -- Found rclcpp: 16.0.4 (/opt/ros/humble/share/rclcpp/cmake)
[0.833s] -- Found rosidl_generator_c: 3.1.4 (/opt/ros/humble/share/rosidl_generator_c/cmake)
[0.835s] -- Found rosidl_adapter: 3.1.4 (/opt/ros/humble/share/rosidl_adapter/cmake)
[0.839s] -- Found rosidl_generator_cpp: 3.1.4 (/opt/ros/humble/share/rosidl_generator_cpp/cmake)
[0.846s] -- Using all available rosidl_typesupport_c: rosidl_typesupport_fastrtps_c;rosidl_typesupport_introspection_c
[0.858s] -- Using all available rosidl_typesupport_cpp: rosidl_typesupport_fastrtps_cpp;rosidl_typesupport_introspection_cpp
[0.897s] -- Found rmw_implementation_cmake: 6.1.1 (/opt/ros/humble/share/rmw_implementation_cmake/cmake)
[0.898s] -- Found rmw_fastrtps_cpp: 6.2.2 (/opt/ros/humble/share/rmw_fastrtps_cpp/cmake)
[0.974s] -- Using RMW implementation 'rmw_fastrtps_cpp' as default
[1.089s] -- Found sensor_msgs: 4.2.3 (/opt/ros/humble/share/sensor_msgs/cmake)
[1.183s] -- Found pcl_conversions: 2.4.0 (/opt/ros/humble/share/pcl_conversions/cmake)
[1.281s] -- Found visualization_msgs: 4.2.3 (/opt/ros/humble/share/visualization_msgs/cmake)
[1.498s] -- Configuring done
[1.554s] -- Generating done
[1.555s] -- Build files have been written to: /home/rohit/pcl_ws/build/point_cloud_processing
[1.576s] [  6%] [32mBuilding CXX object CMakeFiles/traffic_segmentation.dir/src/7_traffic_segmentation.cpp.o[0m
[1.580s] [ 18%] Built target plane_cloud
[1.580s] [ 31%] Built target pcd_import
[1.582s] [ 43%] Built target circular_cloud
[1.582s] [ 62%] Built target path_creation
[1.582s] [ 68%] Built target kd_tree
[1.583s] [ 81%] Built target kitti_voxel
[1.584s] [ 93%] Built target filtering_segmentation
[1.635s] [01m[K/home/rohit/pcl_ws/src/ROS2-Point-Cloud-Clustering-and-Segmentation-for-Autonomous-Behaviour/point_cloud_processing/src/7_traffic_segmentation.cpp:5:10:[m[K [01;31m[Kfatal error: [m[Kvisualization_msgs/msg/marker_array.hpp: No such file or directory
[1.635s]     5 | #include [01;31m[K"visualization_msgs/msg/marker_array.hpp"[m[K
[1.636s]       |          [01;31m[K^~~~~~~~~~~~~~~~~~~~~~~~~~~~~~~~~~~~~~~~~[m[K
[1.636s] compilation terminated.
[1.637s] gmake[2]: *** [CMakeFiles/traffic_segmentation.dir/build.make:76: CMakeFiles/traffic_segmentation.dir/src/7_traffic_segmentation.cpp.o] Error 1
[1.637s] gmake[1]: *** [CMakeFiles/Makefile2:333: CMakeFiles/traffic_segmentation.dir/all] Error 2
[1.637s] gmake: *** [Makefile:146: all] Error 2
[1.641s] Invoked command in '/home/rohit/pcl_ws/build/point_cloud_processing' returned '2': CMAKE_PREFIX_PATH=${CMAKE_PREFIX_PATH}:/home/rohit/pcl_ws/install/turtlebot3_gazebo:/home/rohit/pcl_ws/install/ros2_kitti_publishers:/opt/ros/humble /home/rohit/.local/bin/cmake --build /home/rohit/pcl_ws/build/point_cloud_processing -- -j20 -l20
