[0.007s] Invoking command in '/home/rohit/pcl_ws/build/turtlebot3_gazebo': CMAKE_PREFIX_PATH=${CMAKE_PREFIX_PATH}:/opt/ros/humble /home/rohit/.local/bin/cmake /home/rohit/pcl_ws/src/ROS2-Point-Cloud-Clustering-and-Segmentation-for-Autonomous-Behaviour/turtlebot3_gazebo -DCMAKE_INSTALL_PREFIX=/home/rohit/pcl_ws/install/turtlebot3_gazebo
[0.025s] -- Found ament_cmake: 1.3.4 (/opt/ros/humble/share/ament_cmake/cmake)
[0.091s] -- Found PkgConfig: /usr/bin/pkg-config (found version "0.29.2") 
[0.091s] [33mCMake Warning (dev) at /home/rohit/.local/lib/python3.10/site-packages/cmake/data/share/cmake-3.25/Modules/FindPackageHandleStandardArgs.cmake:438 (message):
[0.091s]   The package name passed to `find_package_handle_standard_args` (PkgConfig)
[0.091s]   does not match the name of the calling package (gazebo).  This can lead to
[0.091s]   problems in calling code that expects `find_package` result variables
[0.091s]   (e.g., `_FOUND`) to follow a certain pattern.
[0.091s] Call Stack (most recent call first):
[0.092s]   /home/rohit/.local/lib/python3.10/site-packages/cmake/data/share/cmake-3.25/Modules/FindPkgConfig.cmake:99 (find_package_handle_standard_args)
[0.092s]   /usr/lib/x86_64-linux-gnu/cmake/gazebo/gazebo-config.cmake:72 (include)
[0.092s]   CMakeLists.txt:23 (find_package)
[0.092s] This warning is for project developers.  Use -Wno-dev to suppress it.
[0.092s] [0m
[0.094s] -- Checking for module 'bullet>=2.82'
[0.100s] --   Found bullet, version 3.05
[0.151s] -- Found fcl: /usr/include (found suitable version "0.7.0", minimum required is "0.5.0") 
[0.174s] -- Found assimp: /usr/include (found version "5.2.0") 
[0.186s] -- Found DART: /usr/include (Required is at least version "6.6") found components: dart 
[0.240s] -- Found Boost: /usr/lib/x86_64-linux-gnu/cmake/Boost-1.74.0/BoostConfig.cmake (found suitable version "1.74.0", minimum required is "1.40.0") found components: thread system filesystem program_options regex iostreams date_time 
[0.252s] -- Found Protobuf: /usr/lib/x86_64-linux-gnu/libprotobuf.so (found version "3.12.4") 
[0.254s] -- Looking for ignition-math6 -- found version 6.12.0
[0.259s] -- Searching for dependencies of ignition-math6
[0.261s] -- Looking for OGRE...
[0.261s] -- OGRE_PREFIX_WATCH changed.
[0.263s] -- Checking for module 'OGRE'
[0.269s] --   Found OGRE, version 1.9.0
[0.282s] -- Found Ogre Ghadamon (1.9.0)
[0.288s] -- Found OGRE: optimized;/usr/lib/x86_64-linux-gnu/libOgreMain.so;debug;/usr/lib/x86_64-linux-gnu/libOgreMain.so
[0.295s] -- Looking for OGRE_Paging...
[0.298s] -- Found OGRE_Paging: optimized;/usr/lib/x86_64-linux-gnu/libOgrePaging.so;debug;/usr/lib/x86_64-linux-gnu/libOgrePaging.so
[0.298s] -- Looking for OGRE_Terrain...
[0.301s] -- Found OGRE_Terrain: optimized;/usr/lib/x86_64-linux-gnu/libOgreTerrain.so;debug;/usr/lib/x86_64-linux-gnu/libOgreTerrain.so
[0.301s] -- Looking for OGRE_Property...
[0.304s] -- Found OGRE_Property: optimized;/usr/lib/x86_64-linux-gnu/libOgreProperty.so;debug;/usr/lib/x86_64-linux-gnu/libOgreProperty.so
[0.304s] -- Looking for OGRE_RTShaderSystem...
[0.308s] -- Found OGRE_RTShaderSystem: optimized;/usr/lib/x86_64-linux-gnu/libOgreRTShaderSystem.so;debug;/usr/lib/x86_64-linux-gnu/libOgreRTShaderSystem.so
[0.308s] -- Looking for OGRE_Volume...
[0.311s] -- Found OGRE_Volume: optimized;/usr/lib/x86_64-linux-gnu/libOgreVolume.so;debug;/usr/lib/x86_64-linux-gnu/libOgreVolume.so
[0.311s] -- Looking for OGRE_Overlay...
[0.314s] -- Found OGRE_Overlay: optimized;/usr/lib/x86_64-linux-gnu/libOgreOverlay.so;debug;/usr/lib/x86_64-linux-gnu/libOgreOverlay.so
[0.386s] -- Looking for ignition-math6 -- found version 6.12.0
[0.387s] -- Looking for ignition-transport8 -- found version 8.2.1
[0.387s] -- Searching for dependencies of ignition-transport8
[0.399s] -- Found Protobuf: /usr/lib/x86_64-linux-gnu/libprotobuf.so (found suitable version "3.12.4", minimum required is "3") 
[0.405s] -- Config-file not installed for ZeroMQ -- checking for pkg-config
[0.408s] -- Checking for module 'libzmq >= 4'
[0.415s] --   Found libzmq , version 4.3.4
[0.432s] -- Found ZeroMQ: TRUE (Required is at least version "4") 
[0.435s] -- Checking for module 'uuid'
[0.441s] --   Found uuid, version 2.37.2
[0.455s] -- Found UUID: TRUE  
[0.456s] -- Looking for ignition-msgs5 -- found version 5.8.1
[0.456s] -- Searching for dependencies of ignition-msgs5
[0.467s] -- Looking for ignition-math6 -- found version 6.12.0
[0.470s] -- Checking for module 'tinyxml2'
[0.476s] --   Found tinyxml2, version 9.0.0
[0.490s] -- Looking for ignition-msgs5 -- found version 5.8.1
[0.492s] -- Looking for ignition-common3 -- found version 3.14.0
[0.492s] -- Searching for dependencies of ignition-common3
[0.492s] -- Looking for dlfcn.h - found
[0.492s] -- Looking for libdl - found
[0.493s] -- Found DL: TRUE  
[0.500s] -- Found tinyobjloader: /usr/lib/x86_64-linux-gnu/cmake/tinyobjloader/tinyobjloader-config.cmake (found version "2.0.0") 
[0.500s] -- Searching for <ignition-common3> component [graphics]
[0.502s] -- Looking for ignition-common3-graphics -- found version 3.14.0
[0.502s] -- Searching for dependencies of ignition-common3-graphics
[0.502s] -- Looking for ignition-math6 -- found version 6.12.0
[0.503s] -- Looking for ignition-fuel_tools4 -- found version 4.4.0
[0.503s] -- Searching for dependencies of ignition-fuel_tools4
[0.542s] -- Found CURL: /usr/lib/x86_64-linux-gnu/libcurl.so (found version "7.81.0")  
[0.547s] -- Checking for module 'jsoncpp'
[0.552s] --   Found jsoncpp, version 1.9.5
[0.566s] -- Found JSONCPP: TRUE  
[0.569s] -- Checking for module 'libzip'
[0.575s] --   Found libzip, version 1.7.3
[0.589s] -- Found ZIP: TRUE  
[0.589s] -- Looking for ignition-common3 -- found version 3.14.0
[0.590s] -- Looking for ignition-math6 -- found version 6.12.0
[0.590s] -- Looking for ignition-msgs5 -- found version 5.8.1
[0.597s] -- Configuring incomplete, errors occurred!
[0.597s] See also "/home/rohit/pcl_ws/build/turtlebot3_gazebo/CMakeFiles/CMakeOutput.log".
[0.597s] [31mCMake Error at CMakeLists.txt:24 (find_package):
[0.597s]   By not providing "Findgazebo_ros_pkgs.cmake" in CMAKE_MODULE_PATH this
[0.597s]   project has asked CMake to find a package configuration file provided by
[0.598s]   "gazebo_ros_pkgs", but CMake did not find one.
[0.598s] 
[0.598s]   Could not find a package configuration file provided by "gazebo_ros_pkgs"
[0.598s]   with any of the following names:
[0.598s] 
[0.598s]     gazebo_ros_pkgsConfig.cmake
[0.598s]     gazebo_ros_pkgs-config.cmake
[0.598s] 
[0.598s]   Add the installation prefix of "gazebo_ros_pkgs" to CMAKE_PREFIX_PATH or
[0.598s]   set "gazebo_ros_pkgs_DIR" to a directory containing one of the above files.
[0.598s]   If "gazebo_ros_pkgs" provides a separate development package or SDK, be
[0.598s]   sure it has been installed.
[0.598s] 
[0.598s] [0m
[0.603s] Invoked command in '/home/rohit/pcl_ws/build/turtlebot3_gazebo' returned '1': CMAKE_PREFIX_PATH=${CMAKE_PREFIX_PATH}:/opt/ros/humble /home/rohit/.local/bin/cmake /home/rohit/pcl_ws/src/ROS2-Point-Cloud-Clustering-and-Segmentation-for-Autonomous-Behaviour/turtlebot3_gazebo -DCMAKE_INSTALL_PREFIX=/home/rohit/pcl_ws/install/turtlebot3_gazebo
