[0.007s] Invoking command in '/home/rohit/pcl_ws/build/point_cloud_processing': /home/rohit/.local/bin/cmake --build /home/rohit/pcl_ws/build/point_cloud_processing -- -j20 -l20
[0.029s] -- Found ament_cmake: 1.3.4 (/opt/ros/humble/share/ament_cmake/cmake)
[0.098s] -- Eigen found (include: /usr/include/eigen3, version: 3.4.0)
[0.121s] -- FLANN found (include: /usr/include, lib: /usr/lib/x86_64-linux-gnu/libflann_cpp.so)
[0.309s] -- OpenNI found (version: 1.5.4.0, include: /usr/include/ni, lib: /usr/lib/libOpenNI.so;libusb::libusb)
[0.312s] -- OpenNI2 found (version: 2.2.0.33, include: /usr/include/openni2, lib: /usr/lib/x86_64-linux-gnu/libOpenNI2.so;libusb::libusb)
[0.312s] [0m** WARNING ** io features related to pcap will be disabled[0m
[0.431s] -- Eigen found (include: /usr/include/eigen3, version: 3.4.0)
[0.434s] -- OpenNI found (version: 1.5.4.0, include: /usr/include/ni, lib: /usr/lib/libOpenNI.so;libusb::libusb)
[0.438s] -- OpenNI2 found (version: 2.2.0.33, include: /usr/include/openni2, lib: /usr/lib/x86_64-linux-gnu/libOpenNI2.so;libusb::libusb)
[0.549s] -- Found Qhull version 8.0.2
[0.665s] -- OpenNI found (version: 1.5.4.0, include: /usr/include/ni, lib: /usr/lib/libOpenNI.so;libusb::libusb)
[0.778s] -- looking for PCL_COMMON
[0.778s] -- looking for PCL_KDTREE
[0.778s] -- looking for PCL_OCTREE
[0.778s] -- looking for PCL_SEARCH
[0.778s] -- looking for PCL_SAMPLE_CONSENSUS
[0.779s] -- looking for PCL_FILTERS
[0.779s] -- looking for PCL_2D
[0.779s] -- looking for PCL_GEOMETRY
[0.779s] -- looking for PCL_IO
[0.779s] -- looking for PCL_FEATURES
[0.780s] -- looking for PCL_ML
[0.780s] -- looking for PCL_SEGMENTATION
[0.780s] -- looking for PCL_VISUALIZATION
[0.780s] -- looking for PCL_SURFACE
[0.781s] -- looking for PCL_REGISTRATION
[0.781s] -- looking for PCL_KEYPOINTS
[0.781s] -- looking for PCL_TRACKING
[0.781s] -- looking for PCL_RECOGNITION
[0.782s] -- looking for PCL_STEREO
[0.782s] -- looking for PCL_APPS
[0.783s] -- looking for PCL_IN_HAND_SCANNER
[0.783s] -- looking for PCL_MODELER
[0.783s] -- looking for PCL_POINT_CLOUD_EDITOR
[0.783s] -- looking for PCL_OUTOFCORE
[0.783s] -- looking for PCL_PEOPLE
[0.784s] -- Found PCL: pcl_common;pcl_kdtree;pcl_octree;pcl_search;pcl_sample_consensus;pcl_filters;pcl_io;pcl_features;pcl_ml;pcl_segmentation;pcl_visualization;pcl_surface;pcl_registration;pcl_keypoints;pcl_tracking;pcl_recognition;pcl_stereo;pcl_apps;pcl_outofcore;pcl_people;Boost::system;Boost::filesystem;Boost::date_time;Boost::iostreams;Boost::serialization;/usr/lib/libOpenNI.so;libusb::libusb;/usr/lib/x86_64-linux-gnu/libOpenNI2.so;libusb::libusb;VTK::ChartsCore;VTK::CommonColor;VTK::CommonComputationalGeometry;VTK::CommonCore;VTK::CommonDataModel;VTK::CommonExecutionModel;VTK::CommonMath;VTK::CommonMisc;VTK::CommonTransforms;VTK::FiltersCore;VTK::FiltersExtraction;VTK::FiltersGeneral;VTK::FiltersGeometry;VTK::FiltersModeling;VTK::FiltersSources;VTK::ImagingCore;VTK::ImagingSources;VTK::InteractionImage;VTK::InteractionStyle;VTK::InteractionWidgets;VTK::IOCore;VTK::IOGeometry;VTK::IOImage;VTK::IOLegacy;VTK::IOPLY;VTK::RenderingAnnotation;VTK::RenderingCore;VTK::RenderingContext2D;VTK::RenderingLOD;VTK::RenderingFreeType;VTK::ViewsCore;VTK::ViewsContext2D;VTK::RenderingOpenGL2;VTK::GUISupportQt;FLANN::FLANN;QHULL::QHULL  
[0.785s] -- Found rclcpp: 16.0.4 (/opt/ros/humble/share/rclcpp/cmake)
[0.807s] -- Found rosidl_generator_c: 3.1.4 (/opt/ros/humble/share/rosidl_generator_c/cmake)
[0.810s] -- Found rosidl_adapter: 3.1.4 (/opt/ros/humble/share/rosidl_adapter/cmake)
[0.816s] -- Found rosidl_generator_cpp: 3.1.4 (/opt/ros/humble/share/rosidl_generator_cpp/cmake)
[0.825s] [31mCMake Error at /opt/ros/humble/share/rosidl_typesupport_c/cmake/get_used_typesupports.cmake:35 (message):
[0.825s]   No 'rosidl_typesupport_c' found
[0.825s] Call Stack (most recent call first):
[0.825s]   /opt/ros/humble/share/rosidl_typesupport_c/cmake/rosidl_typesupport_c-extras.cmake:8 (get_used_typesupports)
[0.825s]   /opt/ros/humble/share/rosidl_typesupport_c/cmake/rosidl_typesupport_cConfig.cmake:41 (include)
[0.825s]   /opt/ros/humble/share/builtin_interfaces/cmake/ament_cmake_export_dependencies-extras.cmake:21 (find_package)
[0.825s]   /opt/ros/humble/share/builtin_interfaces/cmake/builtin_interfacesConfig.cmake:41 (include)
[0.825s]   /opt/ros/humble/share/libstatistics_collector/cmake/ament_cmake_export_dependencies-extras.cmake:21 (find_package)
[0.825s]   /opt/ros/humble/share/libstatistics_collector/cmake/libstatistics_collectorConfig.cmake:41 (include)
[0.825s]   /opt/ros/humble/share/rclcpp/cmake/ament_cmake_export_dependencies-extras.cmake:21 (find_package)
[0.825s]   /opt/ros/humble/share/rclcpp/cmake/rclcppConfig.cmake:41 (include)
[0.825s]   CMakeLists.txt:14 (find_package)
[0.826s] 
[0.826s] [0m
[0.826s] -- Configuring incomplete, errors occurred!
[0.826s] See also "/home/rohit/pcl_ws/build/point_cloud_processing/CMakeFiles/CMakeOutput.log".
[0.833s] gmake: *** [Makefile:226: cmake_check_build_system] Error 1
[0.838s] Invoked command in '/home/rohit/pcl_ws/build/point_cloud_processing' returned '2': /home/rohit/.local/bin/cmake --build /home/rohit/pcl_ws/build/point_cloud_processing -- -j20 -l20
