[0.014s] Invoking command in '/home/rohit/pcl_ws/build/point_cloud_processing': CMAKE_PREFIX_PATH=${CMAKE_PREFIX_PATH}:/opt/ros/humble /home/rohit/.local/bin/cmake --build /home/rohit/pcl_ws/build/point_cloud_processing -- -j20 -l20
[0.048s] [ 16%] Built target pcd_import
[0.048s] [ 33%] Built target circular_cloud
[0.049s] [ 50%] Built target plane_cloud
[0.051s] [ 66%] Built target path_creation
[0.054s] [ 83%] Built target filtering_segmentation
[0.058s] [100%] Built target kitti_voxel
[0.064s] Invoked command in '/home/rohit/pcl_ws/build/point_cloud_processing' returned '0': CMAKE_PREFIX_PATH=${CMAKE_PREFIX_PATH}:/opt/ros/humble /home/rohit/.local/bin/cmake --build /home/rohit/pcl_ws/build/point_cloud_processing -- -j20 -l20
[0.124s] Invoking command in '/home/rohit/pcl_ws/build/point_cloud_processing': CMAKE_PREFIX_PATH=${CMAKE_PREFIX_PATH}:/opt/ros/humble /home/rohit/.local/bin/cmake --install /home/rohit/pcl_ws/build/point_cloud_processing
[0.143s] -- Install configuration: ""
[0.143s] -- Up-to-date: /home/rohit/pcl_ws/install/point_cloud_processing/lib/point_cloud_processing/pcd_import
[0.144s] -- Up-to-date: /home/rohit/pcl_ws/install/point_cloud_processing/lib/point_cloud_processing/plane_cloud
[0.144s] -- Up-to-date: /home/rohit/pcl_ws/install/point_cloud_processing/lib/point_cloud_processing/circular_cloud
[0.144s] -- Up-to-date: /home/rohit/pcl_ws/install/point_cloud_processing/lib/point_cloud_processing/filtering_segmentation
[0.144s] -- Up-to-date: /home/rohit/pcl_ws/install/point_cloud_processing/lib/point_cloud_processing/path_creation
[0.144s] -- Up-to-date: /home/rohit/pcl_ws/install/point_cloud_processing/lib/point_cloud_processing/kitti_voxel
[0.144s] -- Up-to-date: /home/rohit/pcl_ws/install/point_cloud_processing/share/point_cloud_processing/launch
[0.144s] -- Up-to-date: /home/rohit/pcl_ws/install/point_cloud_processing/share/point_cloud_processing/launch/rtab_mapping.launch.py
[0.144s] -- Up-to-date: /home/rohit/pcl_ws/install/point_cloud_processing/share/point_cloud_processing/launch/process_kitti.launch.py
[0.144s] -- Up-to-date: /home/rohit/pcl_ws/install/point_cloud_processing/share/point_cloud_processing/launch/bring_rviz.launch.py
[0.144s] -- Up-to-date: /home/rohit/pcl_ws/install/point_cloud_processing/share/point_cloud_processing/rviz
[0.144s] -- Up-to-date: /home/rohit/pcl_ws/install/point_cloud_processing/share/point_cloud_processing/rviz/kitti_viz.rviz
[0.144s] -- Up-to-date: /home/rohit/pcl_ws/install/point_cloud_processing/share/ament_index/resource_index/package_run_dependencies/point_cloud_processing
[0.144s] -- Up-to-date: /home/rohit/pcl_ws/install/point_cloud_processing/share/ament_index/resource_index/parent_prefix_path/point_cloud_processing
[0.144s] -- Up-to-date: /home/rohit/pcl_ws/install/point_cloud_processing/share/point_cloud_processing/environment/ament_prefix_path.sh
[0.144s] -- Up-to-date: /home/rohit/pcl_ws/install/point_cloud_processing/share/point_cloud_processing/environment/ament_prefix_path.dsv
[0.144s] -- Up-to-date: /home/rohit/pcl_ws/install/point_cloud_processing/share/point_cloud_processing/environment/path.sh
[0.144s] -- Up-to-date: /home/rohit/pcl_ws/install/point_cloud_processing/share/point_cloud_processing/environment/path.dsv
[0.144s] -- Up-to-date: /home/rohit/pcl_ws/install/point_cloud_processing/share/point_cloud_processing/local_setup.bash
[0.144s] -- Up-to-date: /home/rohit/pcl_ws/install/point_cloud_processing/share/point_cloud_processing/local_setup.sh
[0.144s] -- Up-to-date: /home/rohit/pcl_ws/install/point_cloud_processing/share/point_cloud_processing/local_setup.zsh
[0.144s] -- Up-to-date: /home/rohit/pcl_ws/install/point_cloud_processing/share/point_cloud_processing/local_setup.dsv
[0.144s] -- Installing: /home/rohit/pcl_ws/install/point_cloud_processing/share/point_cloud_processing/package.dsv
[0.144s] -- Up-to-date: /home/rohit/pcl_ws/install/point_cloud_processing/share/ament_index/resource_index/packages/point_cloud_processing
[0.144s] -- Up-to-date: /home/rohit/pcl_ws/install/point_cloud_processing/share/point_cloud_processing/cmake/point_cloud_processingConfig.cmake
[0.144s] -- Up-to-date: /home/rohit/pcl_ws/install/point_cloud_processing/share/point_cloud_processing/cmake/point_cloud_processingConfig-version.cmake
[0.144s] -- Up-to-date: /home/rohit/pcl_ws/install/point_cloud_processing/share/point_cloud_processing/package.xml
[0.162s] Invoked command in '/home/rohit/pcl_ws/build/point_cloud_processing' returned '0': CMAKE_PREFIX_PATH=${CMAKE_PREFIX_PATH}:/opt/ros/humble /home/rohit/.local/bin/cmake --install /home/rohit/pcl_ws/build/point_cloud_processing
