-- The C compiler identification is GNU 11.3.0
-- The CXX compiler identification is GNU 11.3.0
-- Detecting C compiler ABI info
-- Detecting C compiler ABI info - done
-- Check for working C compiler: /usr/bin/cc - skipped
-- Detecting C compile features
-- Detecting C compile features - done
-- Detecting CXX compiler ABI info
-- Detecting CXX compiler ABI info - done
-- Check for working CXX compiler: /usr/bin/c++ - skipped
-- Detecting CXX compile features
-- Detecting CXX compile features - done
-- Performing Test CMAKE_HAVE_LIBC_PTHREAD
-- Performing Test CMAKE_HAVE_LIBC_PTHREAD - Success
-- Found Threads: TRUE  
-- Found ament_cmake: 1.3.4 (/opt/ros/humble/share/ament_cmake/cmake)
-- Found Python3: /usr/bin/python3.10 (found version "3.10.6") found components: Interpreter 
-- Found rclcpp: 16.0.4 (/opt/ros/humble/share/rclcpp/cmake)
-- Found rosidl_generator_c: 3.1.4 (/opt/ros/humble/share/rosidl_generator_c/cmake)
-- Found rosidl_adapter: 3.1.4 (/opt/ros/humble/share/rosidl_adapter/cmake)
-- Found rosidl_generator_cpp: 3.1.4 (/opt/ros/humble/share/rosidl_generator_cpp/cmake)
-- Using all available rosidl_typesupport_c: rosidl_typesupport_fastrtps_c;rosidl_typesupport_introspection_c
-- Using all available rosidl_typesupport_cpp: rosidl_typesupport_fastrtps_cpp;rosidl_typesupport_introspection_cpp
-- Found rmw_implementation_cmake: 6.1.1 (/opt/ros/humble/share/rmw_implementation_cmake/cmake)
-- Found rmw_fastrtps_cpp: 6.2.2 (/opt/ros/humble/share/rmw_fastrtps_cpp/cmake)
-- Found OpenSSL: /usr/lib/x86_64-linux-gnu/libcrypto.so (found version "3.0.2")  
-- Found FastRTPS: /opt/ros/humble/include  
-- Using RMW implementation 'rmw_fastrtps_cpp' as default
-- Found rclcpp_action: 16.0.4 (/opt/ros/humble/share/rclcpp_action/cmake)
-- Found rclcpp_lifecycle: 16.0.4 (/opt/ros/humble/share/rclcpp_lifecycle/cmake)
-- Found pluginlib: 5.1.0 (/opt/ros/humble/share/pluginlib/cmake)
-- Found geometry_msgs: 4.2.3 (/opt/ros/humble/share/geometry_msgs/cmake)
-- Found sensor_msgs: 4.2.3 (/opt/ros/humble/share/sensor_msgs/cmake)
-- Found shape_msgs: 4.2.3 (/opt/ros/humble/share/shape_msgs/cmake)
-- Found tf2: 0.25.2 (/opt/ros/humble/share/tf2/cmake)
-- Found tf2_geometry_msgs: 0.25.2 (/opt/ros/humble/share/tf2_geometry_msgs/cmake)
-- Found eigen3_cmake_module: 0.1.1 (/opt/ros/humble/share/eigen3_cmake_module/cmake)
-- Found Eigen3: TRUE (found version "3.4.0") 
-- Ensuring Eigen3 include directory is part of orocos-kdl CMake target
-- Found visualization_msgs: 4.2.3 (/opt/ros/humble/share/visualization_msgs/cmake)
-- Found pcl_conversions: 2.4.0 (/opt/ros/humble/share/pcl_conversions/cmake)
-- Found OpenCV: /usr (found version "4.5.4") 
-- Found Boost: /usr/lib/x86_64-linux-gnu/cmake/Boost-1.74.0/BoostConfig.cmake (found version "1.74.0") found components: system 
-- Checking for module 'eigen3'
--   Found eigen3, version 3.4.0
-- Found Eigen: /usr/include/eigen3 (Required is at least version "3.1") 
-- Eigen found (include: /usr/include/eigen3, version: 3.4.0)
-- Found Boost: /usr/lib/x86_64-linux-gnu/cmake/Boost-1.74.0/BoostConfig.cmake (found suitable version "1.74.0", minimum required is "1.65.0") found components: system filesystem date_time iostreams serialization 
-- looking for PCL_COMMON
-- Found PCL_COMMON: /usr/lib/x86_64-linux-gnu/libpcl_common.so  
-- Found PCL: pcl_common;Boost::system;Boost::filesystem;Boost::date_time;Boost::iostreams;Boost::serialization  
-- Configuring done
-- Generating done
-- Build files have been written to: /home/rohit/pcl_ws/build/ros2_kitti_publishers
[ 25%] [32mBuilding CXX object CMakeFiles/ros2_kitti_publishers.dir/src/node/kitti_publishers_node.cpp.o[0m
[ 50%] [32m[1mLinking CXX shared library libros2_kitti_publishers.so[0m
[ 50%] Built target ros2_kitti_publishers
[ 75%] [32mBuilding CXX object CMakeFiles/kitti_publishers.dir/src/kitti_publishers_main.cpp.o[0m
[100%] [32m[1mLinking CXX executable kitti_publishers[0m
[100%] Built target kitti_publishers
-- Install configuration: ""
-- Installing: /home/rohit/pcl_ws/install/ros2_kitti_publishers/include/
-- Installing: /home/rohit/pcl_ws/install/ros2_kitti_publishers/include//ros2_kitti_publishers
-- Installing: /home/rohit/pcl_ws/install/ros2_kitti_publishers/include//ros2_kitti_publishers/WGS84toCartesian.hpp
-- Installing: /home/rohit/pcl_ws/install/ros2_kitti_publishers/include//ros2_kitti_publishers/kitti_publishers_node.hpp
-- Installing: /home/rohit/pcl_ws/install/ros2_kitti_publishers/include//ros2_kitti_publishers/visibility.h
-- Installing: /home/rohit/pcl_ws/install/ros2_kitti_publishers/share/ros2_kitti_publishers/launch
-- Installing: /home/rohit/pcl_ws/install/ros2_kitti_publishers/share/ros2_kitti_publishers/launch/README.md
-- Installing: /home/rohit/pcl_ws/install/ros2_kitti_publishers/lib/libros2_kitti_publishers.so
-- Set runtime path of "/home/rohit/pcl_ws/install/ros2_kitti_publishers/lib/libros2_kitti_publishers.so" to ""
-- Installing: /home/rohit/pcl_ws/install/ros2_kitti_publishers/lib/ros2_kitti_publishers/kitti_publishers
-- Set runtime path of "/home/rohit/pcl_ws/install/ros2_kitti_publishers/lib/ros2_kitti_publishers/kitti_publishers" to ""
-- Installing: /home/rohit/pcl_ws/install/ros2_kitti_publishers/share/ament_index/resource_index/package_run_dependencies/ros2_kitti_publishers
-- Installing: /home/rohit/pcl_ws/install/ros2_kitti_publishers/share/ament_index/resource_index/parent_prefix_path/ros2_kitti_publishers
-- Installing: /home/rohit/pcl_ws/install/ros2_kitti_publishers/share/ros2_kitti_publishers/environment/ament_prefix_path.sh
-- Installing: /home/rohit/pcl_ws/install/ros2_kitti_publishers/share/ros2_kitti_publishers/environment/ament_prefix_path.dsv
-- Installing: /home/rohit/pcl_ws/install/ros2_kitti_publishers/share/ros2_kitti_publishers/environment/path.sh
-- Installing: /home/rohit/pcl_ws/install/ros2_kitti_publishers/share/ros2_kitti_publishers/environment/path.dsv
-- Installing: /home/rohit/pcl_ws/install/ros2_kitti_publishers/share/ros2_kitti_publishers/local_setup.bash
-- Installing: /home/rohit/pcl_ws/install/ros2_kitti_publishers/share/ros2_kitti_publishers/local_setup.sh
-- Installing: /home/rohit/pcl_ws/install/ros2_kitti_publishers/share/ros2_kitti_publishers/local_setup.zsh
-- Installing: /home/rohit/pcl_ws/install/ros2_kitti_publishers/share/ros2_kitti_publishers/local_setup.dsv
-- Installing: /home/rohit/pcl_ws/install/ros2_kitti_publishers/share/ros2_kitti_publishers/package.dsv
-- Installing: /home/rohit/pcl_ws/install/ros2_kitti_publishers/share/ament_index/resource_index/packages/ros2_kitti_publishers
-- Installing: /home/rohit/pcl_ws/install/ros2_kitti_publishers/share/ros2_kitti_publishers/cmake/ros2_kitti_publishersConfig.cmake
-- Installing: /home/rohit/pcl_ws/install/ros2_kitti_publishers/share/ros2_kitti_publishers/cmake/ros2_kitti_publishersConfig-version.cmake
-- Installing: /home/rohit/pcl_ws/install/ros2_kitti_publishers/share/ros2_kitti_publishers/package.xml
