[ 16%] Built target pcd_import
[ 33%] Built target plane_cloud
[ 50%] Built target circular_cloud
[ 66%] Built target filtering_segmentation
[ 83%] Built target path_creation
[ 91%] [32mBuilding CXX object CMakeFiles/kitti_voxel.dir/src/5_kitti_data_voxel.cpp.o[0m
[100%] [32m[1mLinking CXX executable kitti_voxel[0m
[100%] Built target kitti_voxel
-- Install configuration: ""
-- Up-to-date: /home/rohit/pcl_ws/install/point_cloud_processing/lib/point_cloud_processing/pcd_import
-- Up-to-date: /home/rohit/pcl_ws/install/point_cloud_processing/lib/point_cloud_processing/plane_cloud
-- Up-to-date: /home/rohit/pcl_ws/install/point_cloud_processing/lib/point_cloud_processing/circular_cloud
-- Up-to-date: /home/rohit/pcl_ws/install/point_cloud_processing/lib/point_cloud_processing/filtering_segmentation
-- Up-to-date: /home/rohit/pcl_ws/install/point_cloud_processing/lib/point_cloud_processing/path_creation
-- Installing: /home/rohit/pcl_ws/install/point_cloud_processing/lib/point_cloud_processing/kitti_voxel
-- Set runtime path of "/home/rohit/pcl_ws/install/point_cloud_processing/lib/point_cloud_processing/kitti_voxel" to ""
-- Up-to-date: /home/rohit/pcl_ws/install/point_cloud_processing/share/point_cloud_processing/launch
-- Up-to-date: /home/rohit/pcl_ws/install/point_cloud_processing/share/point_cloud_processing/launch/rtab_mapping.launch.py
-- Up-to-date: /home/rohit/pcl_ws/install/point_cloud_processing/share/point_cloud_processing/launch/process_kitti.launch.py
-- Up-to-date: /home/rohit/pcl_ws/install/point_cloud_processing/share/point_cloud_processing/launch/bring_rviz.launch.py
-- Up-to-date: /home/rohit/pcl_ws/install/point_cloud_processing/share/point_cloud_processing/rviz
-- Up-to-date: /home/rohit/pcl_ws/install/point_cloud_processing/share/point_cloud_processing/rviz/kitti_viz.rviz
-- Up-to-date: /home/rohit/pcl_ws/install/point_cloud_processing/share/ament_index/resource_index/package_run_dependencies/point_cloud_processing
-- Up-to-date: /home/rohit/pcl_ws/install/point_cloud_processing/share/ament_index/resource_index/parent_prefix_path/point_cloud_processing
-- Up-to-date: /home/rohit/pcl_ws/install/point_cloud_processing/share/point_cloud_processing/environment/ament_prefix_path.sh
-- Up-to-date: /home/rohit/pcl_ws/install/point_cloud_processing/share/point_cloud_processing/environment/ament_prefix_path.dsv
-- Up-to-date: /home/rohit/pcl_ws/install/point_cloud_processing/share/point_cloud_processing/environment/path.sh
-- Up-to-date: /home/rohit/pcl_ws/install/point_cloud_processing/share/point_cloud_processing/environment/path.dsv
-- Up-to-date: /home/rohit/pcl_ws/install/point_cloud_processing/share/point_cloud_processing/local_setup.bash
-- Up-to-date: /home/rohit/pcl_ws/install/point_cloud_processing/share/point_cloud_processing/local_setup.sh
-- Up-to-date: /home/rohit/pcl_ws/install/point_cloud_processing/share/point_cloud_processing/local_setup.zsh
-- Up-to-date: /home/rohit/pcl_ws/install/point_cloud_processing/share/point_cloud_processing/local_setup.dsv
-- Up-to-date: /home/rohit/pcl_ws/install/point_cloud_processing/share/point_cloud_processing/package.dsv
-- Up-to-date: /home/rohit/pcl_ws/install/point_cloud_processing/share/ament_index/resource_index/packages/point_cloud_processing
-- Up-to-date: /home/rohit/pcl_ws/install/point_cloud_processing/share/point_cloud_processing/cmake/point_cloud_processingConfig.cmake
-- Up-to-date: /home/rohit/pcl_ws/install/point_cloud_processing/share/point_cloud_processing/cmake/point_cloud_processingConfig-version.cmake
-- Up-to-date: /home/rohit/pcl_ws/install/point_cloud_processing/share/point_cloud_processing/package.xml
