[0.007s] Invoking command in '/home/rohit/pcl_ws/build/turtlebot3_gazebo': CMAKE_PREFIX_PATH=${CMAKE_PREFIX_PATH}:/opt/ros/humble /home/rohit/.local/bin/cmake /home/rohit/pcl_ws/src/ROS2-Point-Cloud-Clustering-and-Segmentation-for-Autonomous-Behaviour/turtlebot3_gazebo -DCMAKE_INSTALL_PREFIX=/home/rohit/pcl_ws/install/turtlebot3_gazebo
[0.025s] -- Found ament_cmake: 1.3.4 (/opt/ros/humble/share/ament_cmake/cmake)
[0.095s] [33mCMake Warning (dev) at /home/rohit/.local/lib/python3.10/site-packages/cmake/data/share/cmake-3.25/Modules/FindPackageHandleStandardArgs.cmake:438 (message):
[0.095s]   The package name passed to `find_package_handle_standard_args` (PkgConfig)
[0.095s]   does not match the name of the calling package (gazebo).  This can lead to
[0.095s]   problems in calling code that expects `find_package` result variables
[0.095s]   (e.g., `_FOUND`) to follow a certain pattern.
[0.095s] Call Stack (most recent call first):
[0.095s]   /home/rohit/.local/lib/python3.10/site-packages/cmake/data/share/cmake-3.25/Modules/FindPkgConfig.cmake:99 (find_package_handle_standard_args)
[0.095s]   /usr/lib/x86_64-linux-gnu/cmake/gazebo/gazebo-config.cmake:72 (include)
[0.095s]   CMakeLists.txt:23 (find_package)
[0.095s] This warning is for project developers.  Use -Wno-dev to suppress it.
[0.095s] [0m
[0.110s] -- Found DART: /usr/include (Required is at least version "6.6") found components: dart 
[0.132s] -- Found Protobuf: /usr/lib/x86_64-linux-gnu/libprotobuf.so (found version "3.12.4") 
[0.133s] -- Looking for ignition-math6 -- found version 6.12.0
[0.136s] -- Searching for dependencies of ignition-math6
[0.137s] -- Looking for OGRE...
[0.141s] -- Found Ogre Ghadamon (1.9.0)
[0.141s] -- Found OGRE: optimized;/usr/lib/x86_64-linux-gnu/libOgreMain.so;debug;/usr/lib/x86_64-linux-gnu/libOgreMain.so
[0.149s] -- Looking for OGRE_Paging...
[0.150s] -- Found OGRE_Paging: optimized;/usr/lib/x86_64-linux-gnu/libOgrePaging.so;debug;/usr/lib/x86_64-linux-gnu/libOgrePaging.so
[0.150s] -- Looking for OGRE_Terrain...
[0.150s] -- Found OGRE_Terrain: optimized;/usr/lib/x86_64-linux-gnu/libOgreTerrain.so;debug;/usr/lib/x86_64-linux-gnu/libOgreTerrain.so
[0.150s] -- Looking for OGRE_Property...
[0.150s] -- Found OGRE_Property: optimized;/usr/lib/x86_64-linux-gnu/libOgreProperty.so;debug;/usr/lib/x86_64-linux-gnu/libOgreProperty.so
[0.150s] -- Looking for OGRE_RTShaderSystem...
[0.150s] -- Found OGRE_RTShaderSystem: optimized;/usr/lib/x86_64-linux-gnu/libOgreRTShaderSystem.so;debug;/usr/lib/x86_64-linux-gnu/libOgreRTShaderSystem.so
[0.150s] -- Looking for OGRE_Volume...
[0.150s] -- Found OGRE_Volume: optimized;/usr/lib/x86_64-linux-gnu/libOgreVolume.so;debug;/usr/lib/x86_64-linux-gnu/libOgreVolume.so
[0.150s] -- Looking for OGRE_Overlay...
[0.150s] -- Found OGRE_Overlay: optimized;/usr/lib/x86_64-linux-gnu/libOgreOverlay.so;debug;/usr/lib/x86_64-linux-gnu/libOgreOverlay.so
[0.240s] -- Looking for ignition-math6 -- found version 6.12.0
[0.240s] -- Looking for ignition-transport8 -- found version 8.2.1
[0.240s] -- Searching for dependencies of ignition-transport8
[0.252s] -- Found Protobuf: /usr/lib/x86_64-linux-gnu/libprotobuf.so (found suitable version "3.12.4", minimum required is "3") 
[0.259s] -- Config-file not installed for ZeroMQ -- checking for pkg-config
[0.262s] -- Checking for module 'libzmq >= 4'
[0.268s] --   Found libzmq , version 4.3.4
[0.286s] -- Checking for module 'uuid'
[0.291s] --   Found uuid, version 2.37.2
[0.304s] -- Looking for ignition-msgs5 -- found version 5.8.1
[0.304s] -- Searching for dependencies of ignition-msgs5
[0.315s] -- Looking for ignition-math6 -- found version 6.12.0
[0.317s] -- Checking for module 'tinyxml2'
[0.323s] --   Found tinyxml2, version 9.0.0
[0.337s] -- Looking for ignition-msgs5 -- found version 5.8.1
[0.337s] -- Looking for ignition-common3 -- found version 3.14.0
[0.337s] -- Searching for dependencies of ignition-common3
[0.337s] -- Looking for dlfcn.h - found
[0.337s] -- Looking for libdl - found
[0.344s] -- Searching for <ignition-common3> component [graphics]
[0.344s] -- Looking for ignition-common3-graphics -- found version 3.14.0
[0.345s] -- Searching for dependencies of ignition-common3-graphics
[0.345s] -- Looking for ignition-math6 -- found version 6.12.0
[0.346s] -- Looking for ignition-fuel_tools4 -- found version 4.4.0
[0.346s] -- Searching for dependencies of ignition-fuel_tools4
[0.369s] -- Checking for module 'jsoncpp'
[0.375s] --   Found jsoncpp, version 1.9.5
[0.392s] -- Checking for module 'libzip'
[0.398s] --   Found libzip, version 1.7.3
[0.411s] -- Looking for ignition-common3 -- found version 3.14.0
[0.412s] -- Looking for ignition-math6 -- found version 6.12.0
[0.412s] -- Looking for ignition-msgs5 -- found version 5.8.1
[0.418s] -- Configuring incomplete, errors occurred!
[0.418s] See also "/home/rohit/pcl_ws/build/turtlebot3_gazebo/CMakeFiles/CMakeOutput.log".
[0.418s] [31mCMake Error at CMakeLists.txt:24 (find_package):
[0.418s]   By not providing "Findgazebo_ros_pkgs.cmake" in CMAKE_MODULE_PATH this
[0.418s]   project has asked CMake to find a package configuration file provided by
[0.418s]   "gazebo_ros_pkgs", but CMake did not find one.
[0.418s] 
[0.418s]   Could not find a package configuration file provided by "gazebo_ros_pkgs"
[0.418s]   with any of the following names:
[0.418s] 
[0.419s]     gazebo_ros_pkgsConfig.cmake
[0.419s]     gazebo_ros_pkgs-config.cmake
[0.419s] 
[0.419s]   Add the installation prefix of "gazebo_ros_pkgs" to CMAKE_PREFIX_PATH or
[0.419s]   set "gazebo_ros_pkgs_DIR" to a directory containing one of the above files.
[0.419s]   If "gazebo_ros_pkgs" provides a separate development package or SDK, be
[0.419s]   sure it has been installed.
[0.419s] 
[0.419s] [0m
[0.425s] Invoked command in '/home/rohit/pcl_ws/build/turtlebot3_gazebo' returned '1': CMAKE_PREFIX_PATH=${CMAKE_PREFIX_PATH}:/opt/ros/humble /home/rohit/.local/bin/cmake /home/rohit/pcl_ws/src/ROS2-Point-Cloud-Clustering-and-Segmentation-for-Autonomous-Behaviour/turtlebot3_gazebo -DCMAKE_INSTALL_PREFIX=/home/rohit/pcl_ws/install/turtlebot3_gazebo
