[0.007s] Invoking command in '/home/rohit/pcl_ws/build/point_cloud_processing': /home/rohit/.local/bin/cmake --build /home/rohit/pcl_ws/build/point_cloud_processing -- -j20 -l20
[0.029s] -- Found ament_cmake: 1.3.4 (/opt/ros/humble/share/ament_cmake/cmake)
[0.096s] -- Eigen found (include: /usr/include/eigen3, version: 3.4.0)
[0.120s] -- FLANN found (include: /usr/include, lib: /usr/lib/x86_64-linux-gnu/libflann_cpp.so)
[0.324s] -- OpenNI found (version: 1.5.4.0, include: /usr/include/ni, lib: /usr/lib/libOpenNI.so;libusb::libusb)
[0.327s] -- OpenNI2 found (version: 2.2.0.33, include: /usr/include/openni2, lib: /usr/lib/x86_64-linux-gnu/libOpenNI2.so;libusb::libusb)
[0.327s] [0m** WARNING ** io features related to pcap will be disabled[0m
[0.442s] -- Eigen found (include: /usr/include/eigen3, version: 3.4.0)
[0.445s] -- OpenNI found (version: 1.5.4.0, include: /usr/include/ni, lib: /usr/lib/libOpenNI.so;libusb::libusb)
[0.449s] -- OpenNI2 found (version: 2.2.0.33, include: /usr/include/openni2, lib: /usr/lib/x86_64-linux-gnu/libOpenNI2.so;libusb::libusb)
[0.560s] -- Found Qhull version 8.0.2
[0.677s] -- OpenNI found (version: 1.5.4.0, include: /usr/include/ni, lib: /usr/lib/libOpenNI.so;libusb::libusb)
[0.791s] -- looking for PCL_COMMON
[0.800s] -- looking for PCL_KDTREE
[0.800s] -- looking for PCL_OCTREE
[0.800s] -- looking for PCL_SEARCH
[0.800s] -- looking for PCL_SAMPLE_CONSENSUS
[0.800s] -- looking for PCL_FILTERS
[0.800s] -- looking for PCL_2D
[0.800s] -- looking for PCL_GEOMETRY
[0.800s] -- looking for PCL_IO
[0.800s] -- looking for PCL_FEATURES
[0.800s] -- looking for PCL_ML
[0.800s] -- looking for PCL_SEGMENTATION
[0.800s] -- looking for PCL_VISUALIZATION
[0.800s] -- looking for PCL_SURFACE
[0.800s] -- looking for PCL_REGISTRATION
[0.800s] -- looking for PCL_KEYPOINTS
[0.801s] -- looking for PCL_TRACKING
[0.801s] -- looking for PCL_RECOGNITION
[0.801s] -- looking for PCL_STEREO
[0.801s] -- looking for PCL_APPS
[0.801s] -- looking for PCL_IN_HAND_SCANNER
[0.801s] -- looking for PCL_MODELER
[0.801s] -- looking for PCL_POINT_CLOUD_EDITOR
[0.801s] -- looking for PCL_OUTOFCORE
[0.801s] -- looking for PCL_PEOPLE
[0.801s] -- Found rclcpp: 16.0.4 (/opt/ros/humble/share/rclcpp/cmake)
[0.814s] -- Found rosidl_generator_c: 3.1.4 (/opt/ros/humble/share/rosidl_generator_c/cmake)
[0.816s] -- Found rosidl_adapter: 3.1.4 (/opt/ros/humble/share/rosidl_adapter/cmake)
[0.820s] -- Found rosidl_generator_cpp: 3.1.4 (/opt/ros/humble/share/rosidl_generator_cpp/cmake)
[0.828s] [31mCMake Error at /opt/ros/humble/share/rosidl_typesupport_c/cmake/get_used_typesupports.cmake:35 (message):
[0.828s]   No 'rosidl_typesupport_c' found
[0.828s] Call Stack (most recent call first):
[0.828s]   /opt/ros/humble/share/rosidl_typesupport_c/cmake/rosidl_typesupport_c-extras.cmake:8 (get_used_typesupports)
[0.828s]   /opt/ros/humble/share/rosidl_typesupport_c/cmake/rosidl_typesupport_cConfig.cmake:41 (include)
[0.828s]   /opt/ros/humble/share/builtin_interfaces/cmake/ament_cmake_export_dependencies-extras.cmake:21 (find_package)
[0.828s]   /opt/ros/humble/share/builtin_interfaces/cmake/builtin_interfacesConfig.cmake:41 (include)
[0.828s]   /opt/ros/humble/share/libstatistics_collector/cmake/ament_cmake_export_dependencies-extras.cmake:21 (find_package)
[0.828s]   /opt/ros/humble/share/libstatistics_collector/cmake/libstatistics_collectorConfig.cmake:41 (include)
[0.828s]   /opt/ros/humble/share/rclcpp/cmake/ament_cmake_export_dependencies-extras.cmake:21 (find_package)
[0.828s]   /opt/ros/humble/share/rclcpp/cmake/rclcppConfig.cmake:41 (include)
[0.828s]   CMakeLists.txt:14 (find_package)
[0.828s] 
[0.828s] [0m
[0.828s] -- Configuring incomplete, errors occurred!
[0.828s] See also "/home/rohit/pcl_ws/build/point_cloud_processing/CMakeFiles/CMakeOutput.log".
[0.836s] gmake: *** [Makefile:226: cmake_check_build_system] Error 1
[0.840s] Invoked command in '/home/rohit/pcl_ws/build/point_cloud_processing' returned '2': /home/rohit/.local/bin/cmake --build /home/rohit/pcl_ws/build/point_cloud_processing -- -j20 -l20
