[0.012s] Invoking command in '/home/rohit/pcl_ws/build/ros2_kitti_publishers': CMAKE_PREFIX_PATH=${CMAKE_PREFIX_PATH}:/opt/ros/humble /home/rohit/.local/bin/cmake --build /home/rohit/pcl_ws/build/ros2_kitti_publishers -- -j20 -l20
[0.068s] [ 50%] Built target ros2_kitti_publishers
[0.087s] [100%] Built target kitti_publishers
[0.094s] Invoked command in '/home/rohit/pcl_ws/build/ros2_kitti_publishers' returned '0': CMAKE_PREFIX_PATH=${CMAKE_PREFIX_PATH}:/opt/ros/humble /home/rohit/.local/bin/cmake --build /home/rohit/pcl_ws/build/ros2_kitti_publishers -- -j20 -l20
[0.146s] Invoking command in '/home/rohit/pcl_ws/build/ros2_kitti_publishers': CMAKE_PREFIX_PATH=${CMAKE_PREFIX_PATH}:/opt/ros/humble /home/rohit/.local/bin/cmake --install /home/rohit/pcl_ws/build/ros2_kitti_publishers
[0.163s] -- Install configuration: ""
[0.163s] -- Up-to-date: /home/rohit/pcl_ws/install/ros2_kitti_publishers/include/
[0.163s] -- Up-to-date: /home/rohit/pcl_ws/install/ros2_kitti_publishers/include//ros2_kitti_publishers
[0.163s] -- Up-to-date: /home/rohit/pcl_ws/install/ros2_kitti_publishers/include//ros2_kitti_publishers/WGS84toCartesian.hpp
[0.163s] -- Up-to-date: /home/rohit/pcl_ws/install/ros2_kitti_publishers/include//ros2_kitti_publishers/kitti_publishers_node.hpp
[0.163s] -- Up-to-date: /home/rohit/pcl_ws/install/ros2_kitti_publishers/include//ros2_kitti_publishers/visibility.h
[0.163s] -- Up-to-date: /home/rohit/pcl_ws/install/ros2_kitti_publishers/share/ros2_kitti_publishers/launch
[0.164s] -- Up-to-date: /home/rohit/pcl_ws/install/ros2_kitti_publishers/share/ros2_kitti_publishers/launch/README.md
[0.164s] -- Up-to-date: /home/rohit/pcl_ws/install/ros2_kitti_publishers/lib/libros2_kitti_publishers.so
[0.164s] -- Up-to-date: /home/rohit/pcl_ws/install/ros2_kitti_publishers/lib/ros2_kitti_publishers/kitti_publishers
[0.164s] -- Up-to-date: /home/rohit/pcl_ws/install/ros2_kitti_publishers/share/ament_index/resource_index/package_run_dependencies/ros2_kitti_publishers
[0.165s] -- Up-to-date: /home/rohit/pcl_ws/install/ros2_kitti_publishers/share/ament_index/resource_index/parent_prefix_path/ros2_kitti_publishers
[0.165s] -- Up-to-date: /home/rohit/pcl_ws/install/ros2_kitti_publishers/share/ros2_kitti_publishers/environment/ament_prefix_path.sh
[0.165s] -- Up-to-date: /home/rohit/pcl_ws/install/ros2_kitti_publishers/share/ros2_kitti_publishers/environment/ament_prefix_path.dsv
[0.165s] -- Up-to-date: /home/rohit/pcl_ws/install/ros2_kitti_publishers/share/ros2_kitti_publishers/environment/path.sh
[0.165s] -- Up-to-date: /home/rohit/pcl_ws/install/ros2_kitti_publishers/share/ros2_kitti_publishers/environment/path.dsv
[0.165s] -- Up-to-date: /home/rohit/pcl_ws/install/ros2_kitti_publishers/share/ros2_kitti_publishers/local_setup.bash
[0.165s] -- Up-to-date: /home/rohit/pcl_ws/install/ros2_kitti_publishers/share/ros2_kitti_publishers/local_setup.sh
[0.165s] -- Up-to-date: /home/rohit/pcl_ws/install/ros2_kitti_publishers/share/ros2_kitti_publishers/local_setup.zsh
[0.165s] -- Up-to-date: /home/rohit/pcl_ws/install/ros2_kitti_publishers/share/ros2_kitti_publishers/local_setup.dsv
[0.165s] -- Installing: /home/rohit/pcl_ws/install/ros2_kitti_publishers/share/ros2_kitti_publishers/package.dsv
[0.165s] -- Up-to-date: /home/rohit/pcl_ws/install/ros2_kitti_publishers/share/ament_index/resource_index/packages/ros2_kitti_publishers
[0.165s] -- Up-to-date: /home/rohit/pcl_ws/install/ros2_kitti_publishers/share/ros2_kitti_publishers/cmake/ros2_kitti_publishersConfig.cmake
[0.165s] -- Up-to-date: /home/rohit/pcl_ws/install/ros2_kitti_publishers/share/ros2_kitti_publishers/cmake/ros2_kitti_publishersConfig-version.cmake
[0.165s] -- Up-to-date: /home/rohit/pcl_ws/install/ros2_kitti_publishers/share/ros2_kitti_publishers/package.xml
[0.168s] Invoked command in '/home/rohit/pcl_ws/build/ros2_kitti_publishers' returned '0': CMAKE_PREFIX_PATH=${CMAKE_PREFIX_PATH}:/opt/ros/humble /home/rohit/.local/bin/cmake --install /home/rohit/pcl_ws/build/ros2_kitti_publishers
