[0.011s] Invoking command in '/home/rohit/pcl_ws/build/point_cloud_processing': CMAKE_PREFIX_PATH=${CMAKE_PREFIX_PATH}:/opt/ros/humble /home/rohit/.local/bin/cmake --build /home/rohit/pcl_ws/build/point_cloud_processing -- -j20 -l20
[0.043s] [ 25%] Built target pcd_import
[0.043s] [ 50%] Built target plane_cloud
[0.044s] [ 75%] Built target circular_cloud
[0.054s] [ 87%] [32mBuilding CXX object CMakeFiles/filtering_segmentation.dir/src/3_filtering_segmentation.cpp.o[0m
[4.800s] [100%] [32m[1mLinking CXX executable filtering_segmentation[0m
[5.691s] [100%] Built target filtering_segmentation
[5.705s] Invoked command in '/home/rohit/pcl_ws/build/point_cloud_processing' returned '0': CMAKE_PREFIX_PATH=${CMAKE_PREFIX_PATH}:/opt/ros/humble /home/rohit/.local/bin/cmake --build /home/rohit/pcl_ws/build/point_cloud_processing -- -j20 -l20
[5.737s] Invoking command in '/home/rohit/pcl_ws/build/point_cloud_processing': CMAKE_PREFIX_PATH=${CMAKE_PREFIX_PATH}:/opt/ros/humble /home/rohit/.local/bin/cmake --install /home/rohit/pcl_ws/build/point_cloud_processing
[5.751s] -- Install configuration: ""
[5.751s] -- Up-to-date: /home/rohit/pcl_ws/install/point_cloud_processing/lib/point_cloud_processing/pcd_import
[5.751s] -- Up-to-date: /home/rohit/pcl_ws/install/point_cloud_processing/lib/point_cloud_processing/plane_cloud
[5.752s] -- Up-to-date: /home/rohit/pcl_ws/install/point_cloud_processing/lib/point_cloud_processing/circular_cloud
[5.752s] -- Installing: /home/rohit/pcl_ws/install/point_cloud_processing/lib/point_cloud_processing/filtering_segmentation
[5.752s] -- Up-to-date: /home/rohit/pcl_ws/install/point_cloud_processing/share/point_cloud_processing/launch
[5.752s] -- Up-to-date: /home/rohit/pcl_ws/install/point_cloud_processing/share/point_cloud_processing/launch/rtab_mapping.launch.py
[5.752s] -- Up-to-date: /home/rohit/pcl_ws/install/point_cloud_processing/share/ament_index/resource_index/package_run_dependencies/point_cloud_processing
[5.752s] -- Up-to-date: /home/rohit/pcl_ws/install/point_cloud_processing/share/ament_index/resource_index/parent_prefix_path/point_cloud_processing
[5.752s] -- Up-to-date: /home/rohit/pcl_ws/install/point_cloud_processing/share/point_cloud_processing/environment/ament_prefix_path.sh
[5.752s] -- Up-to-date: /home/rohit/pcl_ws/install/point_cloud_processing/share/point_cloud_processing/environment/ament_prefix_path.dsv
[5.752s] -- Up-to-date: /home/rohit/pcl_ws/install/point_cloud_processing/share/point_cloud_processing/environment/path.sh
[5.752s] -- Up-to-date: /home/rohit/pcl_ws/install/point_cloud_processing/share/point_cloud_processing/environment/path.dsv
[5.753s] -- Up-to-date: /home/rohit/pcl_ws/install/point_cloud_processing/share/point_cloud_processing/local_setup.bash
[5.753s] -- Up-to-date: /home/rohit/pcl_ws/install/point_cloud_processing/share/point_cloud_processing/local_setup.sh
[5.753s] -- Up-to-date: /home/rohit/pcl_ws/install/point_cloud_processing/share/point_cloud_processing/local_setup.zsh
[5.753s] -- Up-to-date: /home/rohit/pcl_ws/install/point_cloud_processing/share/point_cloud_processing/local_setup.dsv
[5.753s] -- Installing: /home/rohit/pcl_ws/install/point_cloud_processing/share/point_cloud_processing/package.dsv
[5.753s] -- Up-to-date: /home/rohit/pcl_ws/install/point_cloud_processing/share/ament_index/resource_index/packages/point_cloud_processing
[5.753s] -- Up-to-date: /home/rohit/pcl_ws/install/point_cloud_processing/share/point_cloud_processing/cmake/point_cloud_processingConfig.cmake
[5.753s] -- Up-to-date: /home/rohit/pcl_ws/install/point_cloud_processing/share/point_cloud_processing/cmake/point_cloud_processingConfig-version.cmake
[5.753s] -- Up-to-date: /home/rohit/pcl_ws/install/point_cloud_processing/share/point_cloud_processing/package.xml
[5.757s] Invoked command in '/home/rohit/pcl_ws/build/point_cloud_processing' returned '0': CMAKE_PREFIX_PATH=${CMAKE_PREFIX_PATH}:/opt/ros/humble /home/rohit/.local/bin/cmake --install /home/rohit/pcl_ws/build/point_cloud_processing
