[0.187s] DEBUG:colcon:Command line arguments: ['/usr/bin/colcon', 'build']
[0.187s] DEBUG:colcon:Parsed command line arguments: Namespace(log_base=None, log_level=None, verb_name='build', build_base='build', install_base='install', merge_install=False, symlink_install=False, test_result_base=None, continue_on_error=False, executor='parallel', parallel_workers=20, event_handlers=None, ignore_user_meta=False, metas=['./colcon.meta'], base_paths=['.'], packages_ignore=None, packages_ignore_regex=None, paths=None, packages_up_to=None, packages_up_to_regex=None, packages_above=None, packages_above_and_dependencies=None, packages_above_depth=None, packages_select_by_dep=None, packages_skip_by_dep=None, packages_skip_up_to=None, packages_select_build_failed=False, packages_skip_build_finished=False, packages_select_test_failures=False, packages_skip_test_passed=False, packages_select=None, packages_skip=None, packages_select_regex=None, packages_skip_regex=None, packages_start=None, packages_end=None, allow_overriding=[], cmake_args=None, cmake_target=None, cmake_target_skip_unavailable=False, cmake_clean_cache=False, cmake_clean_first=False, cmake_force_configure=False, ament_cmake_args=None, catkin_cmake_args=None, catkin_skip_building_tests=False, verb_parser=<colcon_defaults.argument_parser.defaults.DefaultArgumentsDecorator object at 0x7f254b6d62c0>, verb_extension=<colcon_core.verb.build.BuildVerb object at 0x7f254b6d44f0>, main=<bound method BuildVerb.main of <colcon_core.verb.build.BuildVerb object at 0x7f254b6d44f0>>)
[0.200s] Level 1:colcon.colcon_core.package_discovery:discover_packages(colcon_meta) check parameters
[0.200s] Level 1:colcon.colcon_core.package_discovery:discover_packages(recursive) check parameters
[0.200s] Level 1:colcon.colcon_core.package_discovery:discover_packages(ignore) check parameters
[0.200s] Level 1:colcon.colcon_core.package_discovery:discover_packages(path) check parameters
[0.200s] Level 1:colcon.colcon_core.package_discovery:discover_packages(colcon_meta) discover
[0.200s] Level 1:colcon.colcon_core.package_discovery:discover_packages(recursive) discover
[0.200s] INFO:colcon.colcon_core.package_discovery:Crawling recursively for packages in '/home/rohit/pcl_ws'
[0.200s] Level 1:colcon.colcon_core.package_identification:_identify(.) by extensions ['ignore', 'ignore_ament_install']
[0.200s] Level 1:colcon.colcon_core.package_identification:_identify(.) by extension 'ignore'
[0.200s] Level 1:colcon.colcon_core.package_identification:_identify(.) by extension 'ignore_ament_install'
[0.200s] Level 1:colcon.colcon_core.package_identification:_identify(.) by extensions ['colcon_pkg']
[0.200s] Level 1:colcon.colcon_core.package_identification:_identify(.) by extension 'colcon_pkg'
[0.200s] Level 1:colcon.colcon_core.package_identification:_identify(.) by extensions ['colcon_meta']
[0.200s] Level 1:colcon.colcon_core.package_identification:_identify(.) by extension 'colcon_meta'
[0.200s] Level 1:colcon.colcon_core.package_identification:_identify(.) by extensions ['ros']
[0.200s] Level 1:colcon.colcon_core.package_identification:_identify(.) by extension 'ros'
[0.207s] Level 1:colcon.colcon_core.package_identification:_identify(.) by extensions ['cmake', 'python']
[0.207s] Level 1:colcon.colcon_core.package_identification:_identify(.) by extension 'cmake'
[0.207s] Level 1:colcon.colcon_core.package_identification:_identify(.) by extension 'python'
[0.207s] Level 1:colcon.colcon_core.package_identification:_identify(.) by extensions ['python_setup_py']
[0.207s] Level 1:colcon.colcon_core.package_identification:_identify(.) by extension 'python_setup_py'
[0.207s] Level 1:colcon.colcon_core.package_identification:_identify(build) by extensions ['ignore', 'ignore_ament_install']
[0.207s] Level 1:colcon.colcon_core.package_identification:_identify(build) by extension 'ignore'
[0.207s] Level 1:colcon.colcon_core.package_identification:_identify(build) ignored
[0.207s] Level 1:colcon.colcon_core.package_identification:_identify(install) by extensions ['ignore', 'ignore_ament_install']
[0.207s] Level 1:colcon.colcon_core.package_identification:_identify(install) by extension 'ignore'
[0.207s] Level 1:colcon.colcon_core.package_identification:_identify(install) ignored
[0.207s] Level 1:colcon.colcon_core.package_identification:_identify(log) by extensions ['ignore', 'ignore_ament_install']
[0.207s] Level 1:colcon.colcon_core.package_identification:_identify(log) by extension 'ignore'
[0.207s] Level 1:colcon.colcon_core.package_identification:_identify(log) ignored
[0.207s] Level 1:colcon.colcon_core.package_identification:_identify(src) by extensions ['ignore', 'ignore_ament_install']
[0.207s] Level 1:colcon.colcon_core.package_identification:_identify(src) by extension 'ignore'
[0.207s] Level 1:colcon.colcon_core.package_identification:_identify(src) by extension 'ignore_ament_install'
[0.207s] Level 1:colcon.colcon_core.package_identification:_identify(src) by extensions ['colcon_pkg']
[0.207s] Level 1:colcon.colcon_core.package_identification:_identify(src) by extension 'colcon_pkg'
[0.207s] Level 1:colcon.colcon_core.package_identification:_identify(src) by extensions ['colcon_meta']
[0.207s] Level 1:colcon.colcon_core.package_identification:_identify(src) by extension 'colcon_meta'
[0.207s] Level 1:colcon.colcon_core.package_identification:_identify(src) by extensions ['ros']
[0.207s] Level 1:colcon.colcon_core.package_identification:_identify(src) by extension 'ros'
[0.207s] Level 1:colcon.colcon_core.package_identification:_identify(src) by extensions ['cmake', 'python']
[0.207s] Level 1:colcon.colcon_core.package_identification:_identify(src) by extension 'cmake'
[0.207s] Level 1:colcon.colcon_core.package_identification:_identify(src) by extension 'python'
[0.207s] Level 1:colcon.colcon_core.package_identification:_identify(src) by extensions ['python_setup_py']
[0.207s] Level 1:colcon.colcon_core.package_identification:_identify(src) by extension 'python_setup_py'
[0.207s] Level 1:colcon.colcon_core.package_identification:_identify(src/ROS2-Point-Cloud-Clustering-and-Segmentation-for-Autonomous-Behaviour) by extensions ['ignore', 'ignore_ament_install']
[0.208s] Level 1:colcon.colcon_core.package_identification:_identify(src/ROS2-Point-Cloud-Clustering-and-Segmentation-for-Autonomous-Behaviour) by extension 'ignore'
[0.208s] Level 1:colcon.colcon_core.package_identification:_identify(src/ROS2-Point-Cloud-Clustering-and-Segmentation-for-Autonomous-Behaviour) by extension 'ignore_ament_install'
[0.208s] Level 1:colcon.colcon_core.package_identification:_identify(src/ROS2-Point-Cloud-Clustering-and-Segmentation-for-Autonomous-Behaviour) by extensions ['colcon_pkg']
[0.208s] Level 1:colcon.colcon_core.package_identification:_identify(src/ROS2-Point-Cloud-Clustering-and-Segmentation-for-Autonomous-Behaviour) by extension 'colcon_pkg'
[0.208s] Level 1:colcon.colcon_core.package_identification:_identify(src/ROS2-Point-Cloud-Clustering-and-Segmentation-for-Autonomous-Behaviour) by extensions ['colcon_meta']
[0.208s] Level 1:colcon.colcon_core.package_identification:_identify(src/ROS2-Point-Cloud-Clustering-and-Segmentation-for-Autonomous-Behaviour) by extension 'colcon_meta'
[0.208s] Level 1:colcon.colcon_core.package_identification:_identify(src/ROS2-Point-Cloud-Clustering-and-Segmentation-for-Autonomous-Behaviour) by extensions ['ros']
[0.208s] Level 1:colcon.colcon_core.package_identification:_identify(src/ROS2-Point-Cloud-Clustering-and-Segmentation-for-Autonomous-Behaviour) by extension 'ros'
[0.208s] Level 1:colcon.colcon_core.package_identification:_identify(src/ROS2-Point-Cloud-Clustering-and-Segmentation-for-Autonomous-Behaviour) by extensions ['cmake', 'python']
[0.208s] Level 1:colcon.colcon_core.package_identification:_identify(src/ROS2-Point-Cloud-Clustering-and-Segmentation-for-Autonomous-Behaviour) by extension 'cmake'
[0.208s] Level 1:colcon.colcon_core.package_identification:_identify(src/ROS2-Point-Cloud-Clustering-and-Segmentation-for-Autonomous-Behaviour) by extension 'python'
[0.208s] Level 1:colcon.colcon_core.package_identification:_identify(src/ROS2-Point-Cloud-Clustering-and-Segmentation-for-Autonomous-Behaviour) by extensions ['python_setup_py']
[0.208s] Level 1:colcon.colcon_core.package_identification:_identify(src/ROS2-Point-Cloud-Clustering-and-Segmentation-for-Autonomous-Behaviour) by extension 'python_setup_py'
[0.208s] Level 1:colcon.colcon_core.package_identification:_identify(src/ROS2-Point-Cloud-Clustering-and-Segmentation-for-Autonomous-Behaviour/point_cloud_processing) by extensions ['ignore', 'ignore_ament_install']
[0.208s] Level 1:colcon.colcon_core.package_identification:_identify(src/ROS2-Point-Cloud-Clustering-and-Segmentation-for-Autonomous-Behaviour/point_cloud_processing) by extension 'ignore'
[0.208s] Level 1:colcon.colcon_core.package_identification:_identify(src/ROS2-Point-Cloud-Clustering-and-Segmentation-for-Autonomous-Behaviour/point_cloud_processing) by extension 'ignore_ament_install'
[0.208s] Level 1:colcon.colcon_core.package_identification:_identify(src/ROS2-Point-Cloud-Clustering-and-Segmentation-for-Autonomous-Behaviour/point_cloud_processing) by extensions ['colcon_pkg']
[0.208s] Level 1:colcon.colcon_core.package_identification:_identify(src/ROS2-Point-Cloud-Clustering-and-Segmentation-for-Autonomous-Behaviour/point_cloud_processing) by extension 'colcon_pkg'
[0.208s] Level 1:colcon.colcon_core.package_identification:_identify(src/ROS2-Point-Cloud-Clustering-and-Segmentation-for-Autonomous-Behaviour/point_cloud_processing) by extensions ['colcon_meta']
[0.208s] Level 1:colcon.colcon_core.package_identification:_identify(src/ROS2-Point-Cloud-Clustering-and-Segmentation-for-Autonomous-Behaviour/point_cloud_processing) by extension 'colcon_meta'
[0.208s] Level 1:colcon.colcon_core.package_identification:_identify(src/ROS2-Point-Cloud-Clustering-and-Segmentation-for-Autonomous-Behaviour/point_cloud_processing) by extensions ['ros']
[0.208s] Level 1:colcon.colcon_core.package_identification:_identify(src/ROS2-Point-Cloud-Clustering-and-Segmentation-for-Autonomous-Behaviour/point_cloud_processing) by extension 'ros'
[0.209s] DEBUG:colcon.colcon_core.package_identification:Package 'src/ROS2-Point-Cloud-Clustering-and-Segmentation-for-Autonomous-Behaviour/point_cloud_processing' with type 'ros.ament_cmake' and name 'point_cloud_processing'
[0.209s] Level 1:colcon.colcon_core.package_discovery:discover_packages(recursive) using defaults
[0.209s] Level 1:colcon.colcon_core.package_discovery:discover_packages(ignore) discover
[0.209s] Level 1:colcon.colcon_core.package_discovery:discover_packages(ignore) using defaults
[0.209s] Level 1:colcon.colcon_core.package_discovery:discover_packages(path) discover
[0.209s] Level 1:colcon.colcon_core.package_discovery:discover_packages(path) using defaults
[0.221s] Level 1:colcon.colcon_core.package_discovery:discover_packages(prefix_path) check parameters
[0.221s] Level 1:colcon.colcon_core.package_discovery:discover_packages(prefix_path) discover
[0.223s] DEBUG:colcon.colcon_installed_package_information.package_discovery:Found 1 installed packages in /home/rohit/pcl_ws/install
[0.223s] DEBUG:colcon.colcon_installed_package_information.package_discovery:Found 0 installed packages in /home/rohit/ros2_ws/install
[0.224s] DEBUG:colcon.colcon_installed_package_information.package_discovery:Found 271 installed packages in /opt/ros/humble
[0.224s] Level 1:colcon.colcon_core.package_discovery:discover_packages(prefix_path) using defaults
[0.253s] Level 5:colcon.colcon_core.verb:set package 'point_cloud_processing' build argument 'cmake_args' from command line to 'None'
[0.253s] Level 5:colcon.colcon_core.verb:set package 'point_cloud_processing' build argument 'cmake_target' from command line to 'None'
[0.253s] Level 5:colcon.colcon_core.verb:set package 'point_cloud_processing' build argument 'cmake_target_skip_unavailable' from command line to 'False'
[0.253s] Level 5:colcon.colcon_core.verb:set package 'point_cloud_processing' build argument 'cmake_clean_cache' from command line to 'False'
[0.253s] Level 5:colcon.colcon_core.verb:set package 'point_cloud_processing' build argument 'cmake_clean_first' from command line to 'False'
[0.253s] Level 5:colcon.colcon_core.verb:set package 'point_cloud_processing' build argument 'cmake_force_configure' from command line to 'False'
[0.253s] Level 5:colcon.colcon_core.verb:set package 'point_cloud_processing' build argument 'ament_cmake_args' from command line to 'None'
[0.253s] Level 5:colcon.colcon_core.verb:set package 'point_cloud_processing' build argument 'catkin_cmake_args' from command line to 'None'
[0.253s] Level 5:colcon.colcon_core.verb:set package 'point_cloud_processing' build argument 'catkin_skip_building_tests' from command line to 'False'
[0.253s] DEBUG:colcon.colcon_core.verb:Building package 'point_cloud_processing' with the following arguments: {'ament_cmake_args': None, 'build_base': '/home/rohit/pcl_ws/build/point_cloud_processing', 'catkin_cmake_args': None, 'catkin_skip_building_tests': False, 'cmake_args': None, 'cmake_clean_cache': False, 'cmake_clean_first': False, 'cmake_force_configure': False, 'cmake_target': None, 'cmake_target_skip_unavailable': False, 'install_base': '/home/rohit/pcl_ws/install/point_cloud_processing', 'merge_install': False, 'path': '/home/rohit/pcl_ws/src/ROS2-Point-Cloud-Clustering-and-Segmentation-for-Autonomous-Behaviour/point_cloud_processing', 'symlink_install': False, 'test_result_base': None}
[0.253s] INFO:colcon.colcon_core.executor:Executing jobs using 'parallel' executor
[0.255s] DEBUG:colcon.colcon_parallel_executor.executor.parallel:run_until_complete
[0.255s] INFO:colcon.colcon_ros.task.ament_cmake.build:Building ROS package in '/home/rohit/pcl_ws/src/ROS2-Point-Cloud-Clustering-and-Segmentation-for-Autonomous-Behaviour/point_cloud_processing' with build type 'ament_cmake'
[0.255s] INFO:colcon.colcon_cmake.task.cmake.build:Building CMake package in '/home/rohit/pcl_ws/src/ROS2-Point-Cloud-Clustering-and-Segmentation-for-Autonomous-Behaviour/point_cloud_processing'
[0.258s] INFO:colcon.colcon_core.plugin_system:Skipping extension 'colcon_core.shell.bat': Not used on non-Windows systems
[0.258s] INFO:colcon.colcon_core.shell:Skip shell extension 'powershell' for command environment: Not usable outside of PowerShell
[0.258s] DEBUG:colcon.colcon_core.shell:Skip shell extension 'dsv' for command environment
[0.264s] DEBUG:colcon.colcon_core.event_handler.log_command:Invoking command in '/home/rohit/pcl_ws/build/point_cloud_processing': CMAKE_PREFIX_PATH=${CMAKE_PREFIX_PATH}:/opt/ros/humble /home/rohit/.local/bin/cmake --build /home/rohit/pcl_ws/build/point_cloud_processing -- -j20 -l20
[4.164s] DEBUG:colcon.colcon_core.event_handler.log_command:Invoked command in '/home/rohit/pcl_ws/build/point_cloud_processing' returned '0': CMAKE_PREFIX_PATH=${CMAKE_PREFIX_PATH}:/opt/ros/humble /home/rohit/.local/bin/cmake --build /home/rohit/pcl_ws/build/point_cloud_processing -- -j20 -l20
[4.214s] DEBUG:colcon.colcon_core.event_handler.log_command:Invoking command in '/home/rohit/pcl_ws/build/point_cloud_processing': CMAKE_PREFIX_PATH=${CMAKE_PREFIX_PATH}:/opt/ros/humble /home/rohit/.local/bin/cmake --install /home/rohit/pcl_ws/build/point_cloud_processing
[4.232s] Level 1:colcon.colcon_core.environment:create_environment_scripts_only(point_cloud_processing)
[4.233s] DEBUG:colcon.colcon_core.event_handler.log_command:Invoked command in '/home/rohit/pcl_ws/build/point_cloud_processing' returned '0': CMAKE_PREFIX_PATH=${CMAKE_PREFIX_PATH}:/opt/ros/humble /home/rohit/.local/bin/cmake --install /home/rohit/pcl_ws/build/point_cloud_processing
[4.235s] Level 1:colcon.colcon_core.environment:checking '/home/rohit/pcl_ws/install/point_cloud_processing' for CMake module files
[4.235s] Level 1:colcon.colcon_core.environment:checking '/home/rohit/pcl_ws/install/point_cloud_processing' for CMake config files
[4.235s] Level 1:colcon.colcon_core.shell:create_environment_hook('point_cloud_processing', 'cmake_prefix_path')
[4.236s] INFO:colcon.colcon_core.shell:Creating environment hook '/home/rohit/pcl_ws/install/point_cloud_processing/share/point_cloud_processing/hook/cmake_prefix_path.ps1'
[4.236s] INFO:colcon.colcon_core.shell:Creating environment descriptor '/home/rohit/pcl_ws/install/point_cloud_processing/share/point_cloud_processing/hook/cmake_prefix_path.dsv'
[4.236s] INFO:colcon.colcon_core.shell:Creating environment hook '/home/rohit/pcl_ws/install/point_cloud_processing/share/point_cloud_processing/hook/cmake_prefix_path.sh'
[4.237s] Level 1:colcon.colcon_core.environment:checking '/home/rohit/pcl_ws/install/point_cloud_processing/lib'
[4.237s] Level 1:colcon.colcon_core.environment:checking '/home/rohit/pcl_ws/install/point_cloud_processing/bin'
[4.237s] Level 1:colcon.colcon_core.environment:checking '/home/rohit/pcl_ws/install/point_cloud_processing/lib/pkgconfig/point_cloud_processing.pc'
[4.237s] Level 1:colcon.colcon_core.environment:checking '/home/rohit/pcl_ws/install/point_cloud_processing/lib/python3.10/site-packages'
[4.237s] Level 1:colcon.colcon_core.environment:checking '/home/rohit/pcl_ws/install/point_cloud_processing/bin'
[4.238s] INFO:colcon.colcon_core.shell:Creating package script '/home/rohit/pcl_ws/install/point_cloud_processing/share/point_cloud_processing/package.ps1'
[4.238s] INFO:colcon.colcon_core.shell:Creating package descriptor '/home/rohit/pcl_ws/install/point_cloud_processing/share/point_cloud_processing/package.dsv'
[4.239s] INFO:colcon.colcon_core.shell:Creating package script '/home/rohit/pcl_ws/install/point_cloud_processing/share/point_cloud_processing/package.sh'
[4.239s] INFO:colcon.colcon_core.shell:Creating package script '/home/rohit/pcl_ws/install/point_cloud_processing/share/point_cloud_processing/package.bash'
[4.239s] INFO:colcon.colcon_core.shell:Creating package script '/home/rohit/pcl_ws/install/point_cloud_processing/share/point_cloud_processing/package.zsh'
[4.239s] Level 1:colcon.colcon_core.environment:create_file_with_runtime_dependencies(/home/rohit/pcl_ws/install/point_cloud_processing/share/colcon-core/packages/point_cloud_processing)
[4.272s] Level 1:colcon.colcon_core.environment:create_environment_scripts_only(point_cloud_processing)
[4.273s] Level 1:colcon.colcon_core.environment:checking '/home/rohit/pcl_ws/install/point_cloud_processing' for CMake module files
[4.273s] Level 1:colcon.colcon_core.environment:checking '/home/rohit/pcl_ws/install/point_cloud_processing' for CMake config files
[4.274s] Level 1:colcon.colcon_core.shell:create_environment_hook('point_cloud_processing', 'cmake_prefix_path')
[4.274s] INFO:colcon.colcon_core.shell:Creating environment hook '/home/rohit/pcl_ws/install/point_cloud_processing/share/point_cloud_processing/hook/cmake_prefix_path.ps1'
[4.274s] INFO:colcon.colcon_core.shell:Creating environment descriptor '/home/rohit/pcl_ws/install/point_cloud_processing/share/point_cloud_processing/hook/cmake_prefix_path.dsv'
[4.274s] INFO:colcon.colcon_core.shell:Creating environment hook '/home/rohit/pcl_ws/install/point_cloud_processing/share/point_cloud_processing/hook/cmake_prefix_path.sh'
[4.275s] Level 1:colcon.colcon_core.environment:checking '/home/rohit/pcl_ws/install/point_cloud_processing/lib'
[4.275s] Level 1:colcon.colcon_core.environment:checking '/home/rohit/pcl_ws/install/point_cloud_processing/bin'
[4.275s] Level 1:colcon.colcon_core.environment:checking '/home/rohit/pcl_ws/install/point_cloud_processing/lib/pkgconfig/point_cloud_processing.pc'
[4.275s] Level 1:colcon.colcon_core.environment:checking '/home/rohit/pcl_ws/install/point_cloud_processing/lib/python3.10/site-packages'
[4.275s] Level 1:colcon.colcon_core.environment:checking '/home/rohit/pcl_ws/install/point_cloud_processing/bin'
[4.276s] INFO:colcon.colcon_core.shell:Creating package script '/home/rohit/pcl_ws/install/point_cloud_processing/share/point_cloud_processing/package.ps1'
[4.276s] INFO:colcon.colcon_core.shell:Creating package descriptor '/home/rohit/pcl_ws/install/point_cloud_processing/share/point_cloud_processing/package.dsv'
[4.276s] INFO:colcon.colcon_core.shell:Creating package script '/home/rohit/pcl_ws/install/point_cloud_processing/share/point_cloud_processing/package.sh'
[4.276s] INFO:colcon.colcon_core.shell:Creating package script '/home/rohit/pcl_ws/install/point_cloud_processing/share/point_cloud_processing/package.bash'
[4.276s] INFO:colcon.colcon_core.shell:Creating package script '/home/rohit/pcl_ws/install/point_cloud_processing/share/point_cloud_processing/package.zsh'
[4.276s] Level 1:colcon.colcon_core.environment:create_file_with_runtime_dependencies(/home/rohit/pcl_ws/install/point_cloud_processing/share/colcon-core/packages/point_cloud_processing)
[4.277s] DEBUG:colcon.colcon_parallel_executor.executor.parallel:closing loop
[4.277s] DEBUG:colcon.colcon_parallel_executor.executor.parallel:loop closed
[4.277s] DEBUG:colcon.colcon_parallel_executor.executor.parallel:run_until_complete finished with '0'
[4.277s] DEBUG:colcon.colcon_core.event_reactor:joining thread
[4.280s] INFO:colcon.colcon_core.plugin_system:Skipping extension 'colcon_notification.desktop_notification.terminal_notifier': Not used on non-Darwin systems
[4.280s] INFO:colcon.colcon_core.plugin_system:Skipping extension 'colcon_notification.desktop_notification.win32': Not used on non-Windows systems
[4.280s] INFO:colcon.colcon_notification.desktop_notification:Sending desktop notification using 'notify2'
[4.290s] DEBUG:colcon.colcon_core.event_reactor:joined thread
[4.291s] INFO:colcon.colcon_core.shell:Creating prefix script '/home/rohit/pcl_ws/install/local_setup.ps1'
[4.291s] INFO:colcon.colcon_core.shell:Creating prefix util module '/home/rohit/pcl_ws/install/_local_setup_util_ps1.py'
[4.292s] INFO:colcon.colcon_core.shell:Creating prefix chain script '/home/rohit/pcl_ws/install/setup.ps1'
[4.293s] INFO:colcon.colcon_core.shell:Creating prefix script '/home/rohit/pcl_ws/install/local_setup.sh'
[4.293s] INFO:colcon.colcon_core.shell:Creating prefix util module '/home/rohit/pcl_ws/install/_local_setup_util_sh.py'
[4.293s] INFO:colcon.colcon_core.shell:Creating prefix chain script '/home/rohit/pcl_ws/install/setup.sh'
[4.294s] INFO:colcon.colcon_core.shell:Creating prefix script '/home/rohit/pcl_ws/install/local_setup.bash'
[4.294s] INFO:colcon.colcon_core.shell:Creating prefix chain script '/home/rohit/pcl_ws/install/setup.bash'
[4.295s] INFO:colcon.colcon_core.shell:Creating prefix script '/home/rohit/pcl_ws/install/local_setup.zsh'
[4.295s] INFO:colcon.colcon_core.shell:Creating prefix chain script '/home/rohit/pcl_ws/install/setup.zsh'
